{"meta": {"format": 3, "version": "7.14.0", "timestamp": "2026-05-14T13:49:45.081540", "branch_coverage": false, "show_contexts": false}, "files": {"src/maskit/__init__.py": {"executed_lines": [], "summary": {"covered_lines": 0, "num_statements": 0, "percent_covered": 100.0, "percent_covered_display": "100", "missing_lines": 0, "excluded_lines": 0, "percent_statements_covered": 100.0, "percent_statements_covered_display": "100"}, "missing_lines": [], "excluded_lines": [], "functions": {"": {"executed_lines": [], "summary": {"covered_lines": 0, "num_statements": 0, "percent_covered": 100.0, "percent_covered_display": "100", "missing_lines": 0, "excluded_lines": 0, "percent_statements_covered": 100.0, "percent_statements_covered_display": "100"}, "missing_lines": [], "excluded_lines": [], "start_line": 1}}, "classes": {"": {"executed_lines": [], "summary": {"covered_lines": 0, "num_statements": 0, "percent_covered": 100.0, "percent_covered_display": "100", "missing_lines": 0, "excluded_lines": 0, "percent_statements_covered": 100.0, "percent_statements_covered_display": "100"}, "missing_lines": [], "excluded_lines": [], "start_line": 1}}}, "src/maskit/__main__.py": {"executed_lines": [], "summary": {"covered_lines": 0, "num_statements": 164, "percent_covered": 0.0, "percent_covered_display": "0", "missing_lines": 164, "excluded_lines": 0, "percent_statements_covered": 0.0, "percent_statements_covered_display": "0"}, "missing_lines": [3, 5, 6, 7, 8, 9, 10, 12, 13, 14, 16, 18, 19, 20, 21, 22, 23, 24, 25, 26, 27, 29, 32, 34, 35, 36, 37, 38, 39, 40, 42, 43, 44, 45, 46, 49, 50, 55, 56, 58, 60, 61, 68, 70, 72, 73, 74, 77, 78, 87, 88, 90, 91, 92, 93, 94, 96, 97, 101, 102, 107, 109, 111, 118, 120, 123, 124, 125, 126, 127, 128, 130, 131, 132, 133, 134, 135, 136, 138, 145, 146, 148, 151, 152, 153, 160, 161, 162, 164, 165, 166, 167, 168, 169, 171, 172, 174, 181, 182, 184, 191, 192, 194, 195, 197, 202, 203, 204, 205, 206, 211, 212, 213, 214, 215, 220, 221, 222, 223, 224, 225, 227, 228, 230, 231, 233, 234, 235, 236, 237, 238, 239, 240, 241, 242, 243, 244, 245, 247, 249, 250, 251, 252, 254, 255, 256, 258, 259, 260, 261, 263, 264, 267, 268, 269, 270, 271, 272, 273, 274, 275, 276, 279, 280], "excluded_lines": [], "functions": {"_flush_loop": {"executed_lines": [], "summary": {"covered_lines": 0, "num_statements": 12, "percent_covered": 0.0, "percent_covered_display": "0", "missing_lines": 12, "excluded_lines": 0, "percent_statements_covered": 0.0, "percent_statements_covered_display": "0"}, "missing_lines": [34, 35, 36, 37, 38, 39, 40, 42, 43, 44, 45, 46], "excluded_lines": [], "start_line": 32}, "async_main": {"executed_lines": [], "summary": {"covered_lines": 0, "num_statements": 104, "percent_covered": 0.0, "percent_covered_display": "0", "missing_lines": 104, "excluded_lines": 0, "percent_statements_covered": 0.0, "percent_statements_covered_display": "0"}, "missing_lines": [50, 55, 56, 58, 60, 61, 68, 70, 72, 73, 74, 77, 78, 87, 88, 90, 91, 92, 93, 94, 96, 97, 101, 102, 107, 109, 111, 118, 120, 123, 124, 125, 126, 127, 128, 130, 131, 132, 133, 134, 135, 136, 138, 145, 146, 148, 151, 152, 153, 160, 161, 162, 164, 165, 166, 167, 168, 169, 171, 172, 174, 181, 182, 184, 191, 192, 194, 195, 197, 202, 203, 204, 205, 206, 211, 212, 213, 214, 215, 220, 221, 222, 223, 224, 225, 227, 228, 230, 231, 233, 247, 249, 250, 251, 252, 254, 255, 256, 258, 259, 260, 261, 263, 264], "excluded_lines": [], "start_line": 49}, "async_main._shutdown_on_signal": {"executed_lines": [], "summary": {"covered_lines": 0, "num_statements": 12, "percent_covered": 0.0, "percent_covered_display": "0", "missing_lines": 12, "excluded_lines": 0, "percent_statements_covered": 0.0, "percent_statements_covered_display": "0"}, "missing_lines": [234, 235, 236, 237, 238, 239, 240, 241, 242, 243, 244, 245], "excluded_lines": [], "start_line": 233}, "main": {"executed_lines": [], "summary": {"covered_lines": 0, "num_statements": 9, "percent_covered": 0.0, "percent_covered_display": "0", "missing_lines": 9, "excluded_lines": 0, "percent_statements_covered": 0.0, "percent_statements_covered_display": "0"}, "missing_lines": [268, 269, 270, 271, 272, 273, 274, 275, 276], "excluded_lines": [], "start_line": 267}, "": {"executed_lines": [], "summary": {"covered_lines": 0, "num_statements": 27, "percent_covered": 0.0, "percent_covered_display": "0", "missing_lines": 27, "excluded_lines": 0, "percent_statements_covered": 0.0, "percent_statements_covered_display": "0"}, "missing_lines": [3, 5, 6, 7, 8, 9, 10, 12, 13, 14, 16, 18, 19, 20, 21, 22, 23, 24, 25, 26, 27, 29, 32, 49, 267, 279, 280], "excluded_lines": [], "start_line": 1}}, "classes": {"": {"executed_lines": [], "summary": {"covered_lines": 0, "num_statements": 164, "percent_covered": 0.0, "percent_covered_display": "0", "missing_lines": 164, "excluded_lines": 0, "percent_statements_covered": 0.0, "percent_statements_covered_display": "0"}, "missing_lines": [3, 5, 6, 7, 8, 9, 10, 12, 13, 14, 16, 18, 19, 20, 21, 22, 23, 24, 25, 26, 27, 29, 32, 34, 35, 36, 37, 38, 39, 40, 42, 43, 44, 45, 46, 49, 50, 55, 56, 58, 60, 61, 68, 70, 72, 73, 74, 77, 78, 87, 88, 90, 91, 92, 93, 94, 96, 97, 101, 102, 107, 109, 111, 118, 120, 123, 124, 125, 126, 127, 128, 130, 131, 132, 133, 134, 135, 136, 138, 145, 146, 148, 151, 152, 153, 160, 161, 162, 164, 165, 166, 167, 168, 169, 171, 172, 174, 181, 182, 184, 191, 192, 194, 195, 197, 202, 203, 204, 205, 206, 211, 212, 213, 214, 215, 220, 221, 222, 223, 224, 225, 227, 228, 230, 231, 233, 234, 235, 236, 237, 238, 239, 240, 241, 242, 243, 244, 245, 247, 249, 250, 251, 252, 254, 255, 256, 258, 259, 260, 261, 263, 264, 267, 268, 269, 270, 271, 272, 273, 274, 275, 276, 279, 280], "excluded_lines": [], "start_line": 1}}}, "src/maskit/cli.py": {"executed_lines": [3, 5, 6, 9, 11, 13, 26, 27, 28, 29, 30, 31, 38, 40, 47, 59, 67, 76, 84, 90, 96, 103, 110, 116, 119, 128, 129, 132, 133, 134, 135, 137, 139], "summary": {"covered_lines": 33, "num_statements": 45, "percent_covered": 73.33333333333333, "percent_covered_display": "73", "missing_lines": 12, "excluded_lines": 0, "percent_statements_covered": 73.33333333333333, "percent_statements_covered_display": "73"}, "missing_lines": [14, 16, 17, 18, 20, 21, 22, 23, 24, 32, 33, 35], "excluded_lines": [], "functions": {"get_version": {"executed_lines": [11, 13, 26, 27, 28, 29, 30, 31], "summary": {"covered_lines": 8, "num_statements": 20, "percent_covered": 40.0, "percent_covered_display": "40", "missing_lines": 12, "excluded_lines": 0, "percent_statements_covered": 40.0, "percent_statements_covered_display": "40"}, "missing_lines": [14, 16, 17, 18, 20, 21, 22, 23, 24, 32, 33, 35], "excluded_lines": [], "start_line": 9}, "create_parser": {"executed_lines": [40, 47, 59, 67, 76, 84, 90, 96, 103, 110, 116], "summary": {"covered_lines": 11, "num_statements": 11, "percent_covered": 100.0, "percent_covered_display": "100", "missing_lines": 0, "excluded_lines": 0, "percent_statements_covered": 100.0, "percent_statements_covered_display": "100"}, "missing_lines": [], "excluded_lines": [], "start_line": 38}, "parse_args": {"executed_lines": [128, 129, 132, 133, 134, 135, 137, 139], "summary": {"covered_lines": 8, "num_statements": 8, "percent_covered": 100.0, "percent_covered_display": "100", "missing_lines": 0, "excluded_lines": 0, "percent_statements_covered": 100.0, "percent_statements_covered_display": "100"}, "missing_lines": [], "excluded_lines": [], "start_line": 119}, "": {"executed_lines": [3, 5, 6, 9, 38, 119], "summary": {"covered_lines": 6, "num_statements": 6, "percent_covered": 100.0, "percent_covered_display": "100", "missing_lines": 0, "excluded_lines": 0, "percent_statements_covered": 100.0, "percent_statements_covered_display": "100"}, "missing_lines": [], "excluded_lines": [], "start_line": 1}}, "classes": {"": {"executed_lines": [3, 5, 6, 9, 11, 13, 26, 27, 28, 29, 30, 31, 38, 40, 47, 59, 67, 76, 84, 90, 96, 103, 110, 116, 119, 128, 129, 132, 133, 134, 135, 137, 139], "summary": {"covered_lines": 33, "num_statements": 45, "percent_covered": 73.33333333333333, "percent_covered_display": "73", "missing_lines": 12, "excluded_lines": 0, "percent_statements_covered": 73.33333333333333, "percent_statements_covered_display": "73"}, "missing_lines": [14, 16, 17, 18, 20, 21, 22, 23, 24, 32, 33, 35], "excluded_lines": [], "start_line": 1}}}, "src/maskit/config.py": {"executed_lines": [], "summary": {"covered_lines": 0, "num_statements": 71, "percent_covered": 0.0, "percent_covered_display": "0", "missing_lines": 71, "excluded_lines": 0, "percent_statements_covered": 0.0, "percent_statements_covered_display": "0"}, "missing_lines": [1, 3, 5, 7, 18, 19, 20, 21, 22, 23, 25, 28, 35, 36, 37, 38, 46, 47, 48, 49, 50, 51, 52, 53, 54, 56, 57, 59, 60, 61, 62, 63, 64, 65, 66, 67, 75, 76, 77, 78, 79, 80, 81, 82, 83, 86, 87, 95, 96, 97, 98, 99, 100, 101, 102, 103, 105, 106, 107, 108, 109, 110, 118, 119, 120, 121, 122, 123, 124, 125, 126], "excluded_lines": [], "functions": {"_parse_upstream": {"executed_lines": [], "summary": {"covered_lines": 0, "num_statements": 6, "percent_covered": 0.0, "percent_covered_display": "0", "missing_lines": 6, "excluded_lines": 0, "percent_statements_covered": 0.0, "percent_statements_covered_display": "0"}, "missing_lines": [19, 20, 21, 22, 23, 25], "excluded_lines": [], "start_line": 18}, "load_config": {"executed_lines": [], "summary": {"covered_lines": 0, "num_statements": 59, "percent_covered": 0.0, "percent_covered_display": "0", "missing_lines": 59, "excluded_lines": 0, "percent_statements_covered": 0.0, "percent_statements_covered_display": "0"}, "missing_lines": [35, 36, 37, 38, 46, 47, 48, 49, 50, 51, 52, 53, 54, 56, 57, 59, 60, 61, 62, 63, 64, 65, 66, 67, 75, 76, 77, 78, 79, 80, 81, 82, 83, 86, 87, 95, 96, 97, 98, 99, 100, 101, 102, 103, 105, 106, 107, 108, 109, 110, 118, 119, 120, 121, 122, 123, 124, 125, 126], "excluded_lines": [], "start_line": 28}, "": {"executed_lines": [], "summary": {"covered_lines": 0, "num_statements": 6, "percent_covered": 0.0, "percent_covered_display": "0", "missing_lines": 6, "excluded_lines": 0, "percent_statements_covered": 0.0, "percent_statements_covered_display": "0"}, "missing_lines": [1, 3, 5, 7, 18, 28], "excluded_lines": [], "start_line": 1}}, "classes": {"": {"executed_lines": [], "summary": {"covered_lines": 0, "num_statements": 71, "percent_covered": 0.0, "percent_covered_display": "0", "missing_lines": 71, "excluded_lines": 0, "percent_statements_covered": 0.0, "percent_statements_covered_display": "0"}, "missing_lines": [1, 3, 5, 7, 18, 19, 20, 21, 22, 23, 25, 28, 35, 36, 37, 38, 46, 47, 48, 49, 50, 51, 52, 53, 54, 56, 57, 59, 60, 61, 62, 63, 64, 65, 66, 67, 75, 76, 77, 78, 79, 80, 81, 82, 83, 86, 87, 95, 96, 97, 98, 99, 100, 101, 102, 103, 105, 106, 107, 108, 109, 110, 118, 119, 120, 121, 122, 123, 124, 125, 126], "excluded_lines": [], "start_line": 1}}}, "src/maskit/masking/__init__.py": {"executed_lines": [], "summary": {"covered_lines": 0, "num_statements": 0, "percent_covered": 100.0, "percent_covered_display": "100", "missing_lines": 0, "excluded_lines": 0, "percent_statements_covered": 100.0, "percent_statements_covered_display": "100"}, "missing_lines": [], "excluded_lines": [], "functions": {"": {"executed_lines": [], "summary": {"covered_lines": 0, "num_statements": 0, "percent_covered": 100.0, "percent_covered_display": "100", "missing_lines": 0, "excluded_lines": 0, "percent_statements_covered": 100.0, "percent_statements_covered_display": "100"}, "missing_lines": [], "excluded_lines": [], "start_line": 1}}, "classes": {"": {"executed_lines": [], "summary": {"covered_lines": 0, "num_statements": 0, "percent_covered": 100.0, "percent_covered_display": "100", "missing_lines": 0, "excluded_lines": 0, "percent_statements_covered": 100.0, "percent_statements_covered_display": "100"}, "missing_lines": [], "excluded_lines": [], "start_line": 1}}}, "src/maskit/masking/engine.py": {"executed_lines": [3, 5, 6, 7, 8, 10, 11, 12, 20, 22, 25, 31, 32, 33, 34, 35, 36, 37, 38, 39, 40, 41, 42, 43, 44, 46, 47, 48, 50, 51, 52, 54, 55, 58, 59, 60, 62, 63, 66, 67, 70, 71, 72, 74, 75, 76, 78, 79, 81, 82, 83, 85, 88, 89, 91, 92, 94, 95, 96, 97, 98, 102, 103, 104, 106, 109, 119, 120, 123, 124, 127, 128, 129, 130, 131, 135, 136, 137, 139, 149, 151, 152, 153, 154, 155, 157, 158, 159, 160, 161, 163, 164, 165, 166, 167, 168, 169, 172, 173, 174, 175, 176, 177, 178, 179, 180, 185, 186, 189, 190, 193, 194, 196, 197, 199, 202, 204, 205, 206, 207, 208, 209, 210, 211, 212, 213, 214, 215, 216, 217, 218, 219, 220, 222, 223, 225, 227, 228, 229, 230, 238, 240, 241, 245, 247, 248, 249, 256, 258, 259, 260, 261, 262, 264, 266, 269, 270, 271, 275, 276, 281, 285, 286, 291, 293, 295, 297, 299, 302, 303, 304, 306, 307, 308, 311, 312, 314, 318, 319, 320, 322, 323, 324, 326, 327, 328, 329, 330, 332, 335, 336, 338, 339, 340, 342, 343, 344, 345, 346, 360, 361, 362, 363, 364, 365, 366, 367, 368, 369, 370, 372, 376, 379, 380, 381, 382, 384, 385, 386, 387, 388, 389, 390, 391, 393, 396, 398, 399, 400, 401, 404, 405, 406, 408, 411, 413, 415, 418, 419, 420, 422, 423, 424, 425, 426, 428, 431, 434, 441, 444, 445, 447, 448, 450, 452, 453, 454, 457, 458, 459, 462, 474, 475, 476, 477, 478, 479, 480, 481], "summary": {"covered_lines": 269, "num_statements": 338, "percent_covered": 79.58579881656804, "percent_covered_display": "80", "missing_lines": 69, "excluded_lines": 0, "percent_statements_covered": 79.58579881656804, "percent_statements_covered_display": "80"}, "missing_lines": [56, 64, 68, 86, 99, 100, 107, 110, 111, 112, 113, 114, 115, 121, 125, 132, 133, 140, 141, 142, 143, 144, 145, 146, 147, 170, 181, 187, 191, 200, 231, 232, 233, 234, 235, 250, 251, 252, 253, 254, 296, 349, 350, 351, 352, 353, 354, 355, 356, 357, 358, 371, 383, 432, 435, 436, 437, 438, 439, 442, 463, 464, 465, 466, 467, 470, 471, 472, 482], "excluded_lines": [], "functions": {"MaskingEngine.__init__": {"executed_lines": [32, 33, 34, 35, 36, 37, 38, 39, 40, 41, 42, 43, 44], "summary": {"covered_lines": 13, "num_statements": 13, "percent_covered": 100.0, "percent_covered_display": "100", "missing_lines": 0, "excluded_lines": 0, "percent_statements_covered": 100.0, "percent_statements_covered_display": "100"}, "missing_lines": [], "excluded_lines": [], "start_line": 31}, "MaskingEngine.store": {"executed_lines": [48], "summary": {"covered_lines": 1, "num_statements": 1, "percent_covered": 100.0, "percent_covered_display": "100", "missing_lines": 0, "excluded_lines": 0, "percent_statements_covered": 100.0, "percent_statements_covered_display": "100"}, "missing_lines": [], "excluded_lines": [], "start_line": 47}, "MaskingEngine.rules": {"executed_lines": [], "summary": {"covered_lines": 0, "num_statements": 1, "percent_covered": 0.0, "percent_covered_display": "0", "missing_lines": 1, "excluded_lines": 0, "percent_statements_covered": 0.0, "percent_statements_covered_display": "0"}, "missing_lines": [56], "excluded_lines": [], "start_line": 55}, "MaskingEngine.mappers": {"executed_lines": [], "summary": {"covered_lines": 0, "num_statements": 1, "percent_covered": 0.0, "percent_covered_display": "0", "missing_lines": 1, "excluded_lines": 0, "percent_statements_covered": 0.0, "percent_statements_covered_display": "0"}, "missing_lines": [64], "excluded_lines": [], "start_line": 63}, "MaskingEngine.compiled_patterns": {"executed_lines": [], "summary": {"covered_lines": 0, "num_statements": 1, "percent_covered": 0.0, "percent_covered_display": "0", "missing_lines": 1, "excluded_lines": 0, "percent_statements_covered": 0.0, "percent_statements_covered_display": "0"}, "missing_lines": [68], "excluded_lines": [], "start_line": 67}, "MaskingEngine.alias_cache": {"executed_lines": [72], "summary": {"covered_lines": 1, "num_statements": 1, "percent_covered": 100.0, "percent_covered_display": "100", "missing_lines": 0, "excluded_lines": 0, "percent_statements_covered": 100.0, "percent_statements_covered_display": "100"}, "missing_lines": [], "excluded_lines": [], "start_line": 71}, "MaskingEngine.has_pending_writes": {"executed_lines": [76], "summary": {"covered_lines": 1, "num_statements": 1, "percent_covered": 100.0, "percent_covered_display": "100", "missing_lines": 0, "excluded_lines": 0, "percent_statements_covered": 100.0, "percent_statements_covered_display": "100"}, "missing_lines": [], "excluded_lines": [], "start_line": 75}, "MaskingEngine.get_new_masks_since": {"executed_lines": [79], "summary": {"covered_lines": 1, "num_statements": 1, "percent_covered": 100.0, "percent_covered_display": "100", "missing_lines": 0, "excluded_lines": 0, "percent_statements_covered": 100.0, "percent_statements_covered_display": "100"}, "missing_lines": [], "excluded_lines": [], "start_line": 78}, "MaskingEngine.pending_writes_count": {"executed_lines": [83], "summary": {"covered_lines": 1, "num_statements": 1, "percent_covered": 100.0, "percent_covered_display": "100", "missing_lines": 0, "excluded_lines": 0, "percent_statements_covered": 100.0, "percent_statements_covered_display": "100"}, "missing_lines": [], "excluded_lines": [], "start_line": 82}, "MaskingEngine.set_rules": {"executed_lines": [], "summary": {"covered_lines": 0, "num_statements": 1, "percent_covered": 0.0, "percent_covered_display": "0", "missing_lines": 1, "excluded_lines": 0, "percent_statements_covered": 0.0, "percent_statements_covered_display": "0"}, "missing_lines": [86], "excluded_lines": [], "start_line": 85}, "MaskingEngine.add_rule": {"executed_lines": [89], "summary": {"covered_lines": 1, "num_statements": 1, "percent_covered": 100.0, "percent_covered_display": "100", "missing_lines": 0, "excluded_lines": 0, "percent_statements_covered": 100.0, "percent_statements_covered_display": "100"}, "missing_lines": [], "excluded_lines": [], "start_line": 88}, "MaskingEngine.remove_rule": {"executed_lines": [92], "summary": {"covered_lines": 1, "num_statements": 1, "percent_covered": 100.0, "percent_covered_display": "100", "missing_lines": 0, "excluded_lines": 0, "percent_statements_covered": 100.0, "percent_statements_covered_display": "100"}, "missing_lines": [], "excluded_lines": [], "start_line": 91}, "MaskingEngine.add_mapper": {"executed_lines": [95, 96, 97, 98], "summary": {"covered_lines": 4, "num_statements": 6, "percent_covered": 66.66666666666667, "percent_covered_display": "67", "missing_lines": 2, "excluded_lines": 0, "percent_statements_covered": 66.66666666666667, "percent_statements_covered_display": "67"}, "missing_lines": [99, 100], "excluded_lines": [], "start_line": 94}, "MaskingEngine.remove_mapper": {"executed_lines": [103, 104], "summary": {"covered_lines": 2, "num_statements": 2, "percent_covered": 100.0, "percent_covered_display": "100", "missing_lines": 0, "excluded_lines": 0, "percent_statements_covered": 100.0, "percent_statements_covered_display": "100"}, "missing_lines": [], "excluded_lines": [], "start_line": 102}, "MaskingEngine.get_mapper": {"executed_lines": [], "summary": {"covered_lines": 0, "num_statements": 1, "percent_covered": 0.0, "percent_covered_display": "0", "missing_lines": 1, "excluded_lines": 0, "percent_statements_covered": 0.0, "percent_statements_covered_display": "0"}, "missing_lines": [107], "excluded_lines": [], "start_line": 106}, "MaskingEngine.update_mapper_pattern": {"executed_lines": [], "summary": {"covered_lines": 0, "num_statements": 6, "percent_covered": 0.0, "percent_covered_display": "0", "missing_lines": 6, "excluded_lines": 0, "percent_statements_covered": 0.0, "percent_statements_covered_display": "0"}, "missing_lines": [110, 111, 112, 113, 114, 115], "excluded_lines": [], "start_line": 109}, "MaskingEngine.guardrails": {"executed_lines": [], "summary": {"covered_lines": 0, "num_statements": 1, "percent_covered": 0.0, "percent_covered_display": "0", "missing_lines": 1, "excluded_lines": 0, "percent_statements_covered": 0.0, "percent_statements_covered_display": "0"}, "missing_lines": [125], "excluded_lines": [], "start_line": 124}, "MaskingEngine.add_guardrail": {"executed_lines": [128, 129, 130, 131], "summary": {"covered_lines": 4, "num_statements": 6, "percent_covered": 66.66666666666667, "percent_covered_display": "67", "missing_lines": 2, "excluded_lines": 0, "percent_statements_covered": 66.66666666666667, "percent_statements_covered_display": "67"}, "missing_lines": [132, 133], "excluded_lines": [], "start_line": 127}, "MaskingEngine.remove_guardrail": {"executed_lines": [136, 137], "summary": {"covered_lines": 2, "num_statements": 2, "percent_covered": 100.0, "percent_covered_display": "100", "missing_lines": 0, "excluded_lines": 0, "percent_statements_covered": 100.0, "percent_statements_covered_display": "100"}, "missing_lines": [], "excluded_lines": [], "start_line": 135}, "MaskingEngine.load_guardrails": {"executed_lines": [], "summary": {"covered_lines": 0, "num_statements": 8, "percent_covered": 0.0, "percent_covered_display": "0", "missing_lines": 8, "excluded_lines": 0, "percent_statements_covered": 0.0, "percent_statements_covered_display": "0"}, "missing_lines": [140, 141, 142, 143, 144, 145, 146, 147], "excluded_lines": [], "start_line": 139}, "MaskingEngine.check_guardrails": {"executed_lines": [151, 152, 153, 154, 155, 157, 158, 159, 160, 161], "summary": {"covered_lines": 10, "num_statements": 10, "percent_covered": 100.0, "percent_covered_display": "100", "missing_lines": 0, "excluded_lines": 0, "percent_statements_covered": 100.0, "percent_statements_covered_display": "100"}, "missing_lines": [], "excluded_lines": [], "start_line": 149}, "MaskingEngine._check_guardrail_recursive": {"executed_lines": [164, 165, 166, 167, 168, 169], "summary": {"covered_lines": 6, "num_statements": 7, "percent_covered": 85.71428571428571, "percent_covered_display": "86", "missing_lines": 1, "excluded_lines": 0, "percent_statements_covered": 85.71428571428571, "percent_statements_covered_display": "86"}, "missing_lines": [170], "excluded_lines": [], "start_line": 163}, "MaskingEngine._matches_guardrail": {"executed_lines": [173, 174, 175, 176, 177, 178, 179, 180], "summary": {"covered_lines": 8, "num_statements": 9, "percent_covered": 88.88888888888889, "percent_covered_display": "89", "missing_lines": 1, "excluded_lines": 0, "percent_statements_covered": 88.88888888888889, "percent_statements_covered_display": "89"}, "missing_lines": [181], "excluded_lines": [], "start_line": 172}, "MaskingEngine.injections": {"executed_lines": [], "summary": {"covered_lines": 0, "num_statements": 1, "percent_covered": 0.0, "percent_covered_display": "0", "missing_lines": 1, "excluded_lines": 0, "percent_statements_covered": 0.0, "percent_statements_covered_display": "0"}, "missing_lines": [191], "excluded_lines": [], "start_line": 190}, "MaskingEngine.add_injection": {"executed_lines": [194], "summary": {"covered_lines": 1, "num_statements": 1, "percent_covered": 100.0, "percent_covered_display": "100", "missing_lines": 0, "excluded_lines": 0, "percent_statements_covered": 100.0, "percent_statements_covered_display": "100"}, "missing_lines": [], "excluded_lines": [], "start_line": 193}, "MaskingEngine.remove_injection": {"executed_lines": [197], "summary": {"covered_lines": 1, "num_statements": 1, "percent_covered": 100.0, "percent_covered_display": "100", "missing_lines": 0, "excluded_lines": 0, "percent_statements_covered": 100.0, "percent_statements_covered_display": "100"}, "missing_lines": [], "excluded_lines": [], "start_line": 196}, "MaskingEngine.load_injections": {"executed_lines": [], "summary": {"covered_lines": 0, "num_statements": 1, "percent_covered": 0.0, "percent_covered_display": "0", "missing_lines": 1, "excluded_lines": 0, "percent_statements_covered": 0.0, "percent_statements_covered_display": "0"}, "missing_lines": [200], "excluded_lines": [], "start_line": 199}, "MaskingEngine.apply_injections": {"executed_lines": [204, 205, 206, 207, 208, 209, 210, 211, 212, 213, 214, 215, 216, 217, 218, 219, 220, 222, 223], "summary": {"covered_lines": 19, "num_statements": 19, "percent_covered": 100.0, "percent_covered_display": "100", "missing_lines": 0, "excluded_lines": 0, "percent_statements_covered": 100.0, "percent_statements_covered_display": "100"}, "missing_lines": [], "excluded_lines": [], "start_line": 202}, "MaskingEngine.load_aliases": {"executed_lines": [227, 228, 229, 230, 238], "summary": {"covered_lines": 5, "num_statements": 10, "percent_covered": 50.0, "percent_covered_display": "50", "missing_lines": 5, "excluded_lines": 0, "percent_statements_covered": 50.0, "percent_statements_covered_display": "50"}, "missing_lines": [231, 232, 233, 234, 235], "excluded_lines": [], "start_line": 225}, "MaskingEngine._rebuild_sorted_aliases": {"executed_lines": [241], "summary": {"covered_lines": 1, "num_statements": 1, "percent_covered": 100.0, "percent_covered_display": "100", "missing_lines": 0, "excluded_lines": 0, "percent_statements_covered": 100.0, "percent_statements_covered_display": "100"}, "missing_lines": [], "excluded_lines": [], "start_line": 240}, "MaskingEngine.load_mappers": {"executed_lines": [247, 248, 249], "summary": {"covered_lines": 3, "num_statements": 8, "percent_covered": 37.5, "percent_covered_display": "38", "missing_lines": 5, "excluded_lines": 0, "percent_statements_covered": 37.5, "percent_statements_covered_display": "38"}, "missing_lines": [250, 251, 252, 253, 254], "excluded_lines": [], "start_line": 245}, "MaskingEngine.flush_pending": {"executed_lines": [258, 259, 260, 261, 262], "summary": {"covered_lines": 5, "num_statements": 5, "percent_covered": 100.0, "percent_covered_display": "100", "missing_lines": 0, "excluded_lines": 0, "percent_statements_covered": 100.0, "percent_statements_covered_display": "100"}, "missing_lines": [], "excluded_lines": [], "start_line": 256}, "MaskingEngine.mask_response": {"executed_lines": [266, 269, 270, 271, 275, 276, 281, 285, 286, 291], "summary": {"covered_lines": 10, "num_statements": 10, "percent_covered": 100.0, "percent_covered_display": "100", "missing_lines": 0, "excluded_lines": 0, "percent_statements_covered": 100.0, "percent_statements_covered_display": "100"}, "missing_lines": [], "excluded_lines": [], "start_line": 264}, "MaskingEngine.unmask_arguments": {"executed_lines": [295, 297], "summary": {"covered_lines": 2, "num_statements": 3, "percent_covered": 66.66666666666667, "percent_covered_display": "67", "missing_lines": 1, "excluded_lines": 0, "percent_statements_covered": 66.66666666666667, "percent_statements_covered_display": "67"}, "missing_lines": [296], "excluded_lines": [], "start_line": 293}, "MaskingEngine._mask_dict": {"executed_lines": [302, 303, 304, 306, 307, 308, 311, 312], "summary": {"covered_lines": 8, "num_statements": 8, "percent_covered": 100.0, "percent_covered_display": "100", "missing_lines": 0, "excluded_lines": 0, "percent_statements_covered": 100.0, "percent_statements_covered_display": "100"}, "missing_lines": [], "excluded_lines": [], "start_line": 299}, "MaskingEngine._get_or_create_alias": {"executed_lines": [318, 319, 320, 322, 323, 324, 326, 327, 328, 329, 330], "summary": {"covered_lines": 11, "num_statements": 11, "percent_covered": 100.0, "percent_covered_display": "100", "missing_lines": 0, "excluded_lines": 0, "percent_statements_covered": 100.0, "percent_statements_covered_display": "100"}, "missing_lines": [], "excluded_lines": [], "start_line": 314}, "MaskingEngine._mask_content_block": {"executed_lines": [335, 336, 338, 339, 340, 342, 343, 344, 345, 346], "summary": {"covered_lines": 10, "num_statements": 20, "percent_covered": 50.0, "percent_covered_display": "50", "missing_lines": 10, "excluded_lines": 0, "percent_statements_covered": 50.0, "percent_statements_covered_display": "50"}, "missing_lines": [349, 350, 351, 352, 353, 354, 355, 356, 357, 358], "excluded_lines": [], "start_line": 332}, "MaskingEngine._unmask_recursive": {"executed_lines": [361, 362, 363, 364, 365, 366, 367, 368, 369, 370, 372], "summary": {"covered_lines": 11, "num_statements": 12, "percent_covered": 91.66666666666667, "percent_covered_display": "92", "missing_lines": 1, "excluded_lines": 0, "percent_statements_covered": 91.66666666666667, "percent_statements_covered_display": "92"}, "missing_lines": [371], "excluded_lines": [], "start_line": 360}, "MaskingEngine._apply_mappers_to_block": {"executed_lines": [379, 380, 381, 382, 384, 385, 386, 387, 388, 389, 390, 391], "summary": {"covered_lines": 12, "num_statements": 13, "percent_covered": 92.3076923076923, "percent_covered_display": "92", "missing_lines": 1, "excluded_lines": 0, "percent_statements_covered": 92.3076923076923, "percent_statements_covered_display": "92"}, "missing_lines": [383], "excluded_lines": [], "start_line": 376}, "MaskingEngine._apply_regex_mapper": {"executed_lines": [396, 398, 413], "summary": {"covered_lines": 3, "num_statements": 3, "percent_covered": 100.0, "percent_covered_display": "100", "missing_lines": 0, "excluded_lines": 0, "percent_statements_covered": 100.0, "percent_statements_covered_display": "100"}, "missing_lines": [], "excluded_lines": [], "start_line": 393}, "MaskingEngine._apply_regex_mapper.replacer": {"executed_lines": [399, 400, 401, 404, 405, 406, 408, 411], "summary": {"covered_lines": 8, "num_statements": 8, "percent_covered": 100.0, "percent_covered_display": "100", "missing_lines": 0, "excluded_lines": 0, "percent_statements_covered": 100.0, "percent_statements_covered_display": "100"}, "missing_lines": [], "excluded_lines": [], "start_line": 398}, "MaskingEngine._apply_json_field_mask": {"executed_lines": [418, 419, 420, 422, 423, 424, 425, 426], "summary": {"covered_lines": 8, "num_statements": 8, "percent_covered": 100.0, "percent_covered_display": "100", "missing_lines": 0, "excluded_lines": 0, "percent_statements_covered": 100.0, "percent_statements_covered_display": "100"}, "missing_lines": [], "excluded_lines": [], "start_line": 415}, "MaskingEngine._mask_at_json_path": {"executed_lines": [431, 434, 441, 444, 445, 447, 448, 450, 452, 453, 454, 457, 458, 459, 462, 474, 475, 476, 477, 478, 479, 480, 481], "summary": {"covered_lines": 23, "num_statements": 39, "percent_covered": 58.97435897435897, "percent_covered_display": "59", "missing_lines": 16, "excluded_lines": 0, "percent_statements_covered": 58.97435897435897, "percent_statements_covered_display": "59"}, "missing_lines": [432, 435, 436, 437, 438, 439, 442, 463, 464, 465, 466, 467, 470, 471, 472, 482], "excluded_lines": [], "start_line": 428}, "": {"executed_lines": [3, 5, 6, 7, 8, 10, 11, 12, 20, 22, 25, 31, 46, 47, 50, 51, 54, 55, 58, 59, 62, 63, 66, 67, 70, 71, 74, 75, 78, 81, 82, 85, 88, 91, 94, 102, 106, 109, 119, 120, 123, 124, 127, 135, 139, 149, 163, 172, 185, 186, 189, 190, 193, 196, 199, 202, 225, 240, 245, 256, 264, 293, 299, 314, 332, 360, 376, 393, 415, 428], "summary": {"covered_lines": 70, "num_statements": 70, "percent_covered": 100.0, "percent_covered_display": "100", "missing_lines": 0, "excluded_lines": 0, "percent_statements_covered": 100.0, "percent_statements_covered_display": "100"}, "missing_lines": [], "excluded_lines": [], "start_line": 1}}, "classes": {"MaskingEngine": {"executed_lines": [32, 33, 34, 35, 36, 37, 38, 39, 40, 41, 42, 43, 44, 48, 52, 60, 72, 76, 79, 83, 89, 92, 95, 96, 97, 98, 103, 104, 128, 129, 130, 131, 136, 137, 151, 152, 153, 154, 155, 157, 158, 159, 160, 161, 164, 165, 166, 167, 168, 169, 173, 174, 175, 176, 177, 178, 179, 180, 194, 197, 204, 205, 206, 207, 208, 209, 210, 211, 212, 213, 214, 215, 216, 217, 218, 219, 220, 222, 223, 227, 228, 229, 230, 238, 241, 247, 248, 249, 258, 259, 260, 261, 262, 266, 269, 270, 271, 275, 276, 281, 285, 286, 291, 295, 297, 302, 303, 304, 306, 307, 308, 311, 312, 318, 319, 320, 322, 323, 324, 326, 327, 328, 329, 330, 335, 336, 338, 339, 340, 342, 343, 344, 345, 346, 361, 362, 363, 364, 365, 366, 367, 368, 369, 370, 372, 379, 380, 381, 382, 384, 385, 386, 387, 388, 389, 390, 391, 396, 398, 399, 400, 401, 404, 405, 406, 408, 411, 413, 418, 419, 420, 422, 423, 424, 425, 426, 431, 434, 441, 444, 445, 447, 448, 450, 452, 453, 454, 457, 458, 459, 462, 474, 475, 476, 477, 478, 479, 480, 481], "summary": {"covered_lines": 199, "num_statements": 268, "percent_covered": 74.25373134328358, "percent_covered_display": "74", "missing_lines": 69, "excluded_lines": 0, "percent_statements_covered": 74.25373134328358, "percent_statements_covered_display": "74"}, "missing_lines": [56, 64, 68, 86, 99, 100, 107, 110, 111, 112, 113, 114, 115, 121, 125, 132, 133, 140, 141, 142, 143, 144, 145, 146, 147, 170, 181, 187, 191, 200, 231, 232, 233, 234, 235, 250, 251, 252, 253, 254, 296, 349, 350, 351, 352, 353, 354, 355, 356, 357, 358, 371, 383, 432, 435, 436, 437, 438, 439, 442, 463, 464, 465, 466, 467, 470, 471, 472, 482], "excluded_lines": [], "start_line": 25}, "": {"executed_lines": [3, 5, 6, 7, 8, 10, 11, 12, 20, 22, 25, 31, 46, 47, 50, 51, 54, 55, 58, 59, 62, 63, 66, 67, 70, 71, 74, 75, 78, 81, 82, 85, 88, 91, 94, 102, 106, 109, 119, 120, 123, 124, 127, 135, 139, 149, 163, 172, 185, 186, 189, 190, 193, 196, 199, 202, 225, 240, 245, 256, 264, 293, 299, 314, 332, 360, 376, 393, 415, 428], "summary": {"covered_lines": 70, "num_statements": 70, "percent_covered": 100.0, "percent_covered_display": "100", "missing_lines": 0, "excluded_lines": 0, "percent_statements_covered": 100.0, "percent_statements_covered_display": "100"}, "missing_lines": [], "excluded_lines": [], "start_line": 1}}}, "src/maskit/masking/mappers.py": {"executed_lines": [3, 5, 8, 9, 10, 11, 12, 13, 14, 15, 16, 17, 19, 20], "summary": {"covered_lines": 14, "num_statements": 14, "percent_covered": 100.0, "percent_covered_display": "100", "missing_lines": 0, "excluded_lines": 0, "percent_statements_covered": 100.0, "percent_statements_covered_display": "100"}, "missing_lines": [], "excluded_lines": [], "functions": {"ResponseMapper.matches_tool": {"executed_lines": [20], "summary": {"covered_lines": 1, "num_statements": 1, "percent_covered": 100.0, "percent_covered_display": "100", "missing_lines": 0, "excluded_lines": 0, "percent_statements_covered": 100.0, "percent_statements_covered_display": "100"}, "missing_lines": [], "excluded_lines": [], "start_line": 19}, "": {"executed_lines": [3, 5, 8, 9, 10, 11, 12, 13, 14, 15, 16, 17, 19], "summary": {"covered_lines": 13, "num_statements": 13, "percent_covered": 100.0, "percent_covered_display": "100", "missing_lines": 0, "excluded_lines": 0, "percent_statements_covered": 100.0, "percent_statements_covered_display": "100"}, "missing_lines": [], "excluded_lines": [], "start_line": 1}}, "classes": {"ResponseMapper": {"executed_lines": [20], "summary": {"covered_lines": 1, "num_statements": 1, "percent_covered": 100.0, "percent_covered_display": "100", "missing_lines": 0, "excluded_lines": 0, "percent_statements_covered": 100.0, "percent_statements_covered_display": "100"}, "missing_lines": [], "excluded_lines": [], "start_line": 9}, "": {"executed_lines": [3, 5, 8, 9, 10, 11, 12, 13, 14, 15, 16, 17, 19], "summary": {"covered_lines": 13, "num_statements": 13, "percent_covered": 100.0, "percent_covered_display": "100", "missing_lines": 0, "excluded_lines": 0, "percent_statements_covered": 100.0, "percent_statements_covered_display": "100"}, "missing_lines": [], "excluded_lines": [], "start_line": 1}}}, "src/maskit/masking/parsing.py": {"executed_lines": [3, 5, 6, 7, 8, 11, 12, 13, 14, 17, 19, 20, 21, 22, 23, 24, 26, 27, 28, 29, 30, 31, 33, 36, 38, 39, 40, 43, 45, 46, 47, 48, 49, 50, 51], "summary": {"covered_lines": 35, "num_statements": 35, "percent_covered": 100.0, "percent_covered_display": "100", "missing_lines": 0, "excluded_lines": 0, "percent_statements_covered": 100.0, "percent_statements_covered_display": "100"}, "missing_lines": [], "excluded_lines": [], "functions": {"try_parse_structured": {"executed_lines": [19, 20, 21, 22, 23, 24, 26, 27, 28, 29, 30, 31, 33], "summary": {"covered_lines": 13, "num_statements": 13, "percent_covered": 100.0, "percent_covered_display": "100", "missing_lines": 0, "excluded_lines": 0, "percent_statements_covered": 100.0, "percent_statements_covered_display": "100"}, "missing_lines": [], "excluded_lines": [], "start_line": 17}, "serialize": {"executed_lines": [38, 39, 40], "summary": {"covered_lines": 3, "num_statements": 3, "percent_covered": 100.0, "percent_covered_display": "100", "missing_lines": 0, "excluded_lines": 0, "percent_statements_covered": 100.0, "percent_statements_covered_display": "100"}, "missing_lines": [], "excluded_lines": [], "start_line": 36}, "_convert_tuples": {"executed_lines": [45, 46, 47, 48, 49, 50, 51], "summary": {"covered_lines": 7, "num_statements": 7, "percent_covered": 100.0, "percent_covered_display": "100", "missing_lines": 0, "excluded_lines": 0, "percent_statements_covered": 100.0, "percent_statements_covered_display": "100"}, "missing_lines": [], "excluded_lines": [], "start_line": 43}, "": {"executed_lines": [3, 5, 6, 7, 8, 11, 12, 13, 14, 17, 36, 43], "summary": {"covered_lines": 12, "num_statements": 12, "percent_covered": 100.0, "percent_covered_display": "100", "missing_lines": 0, "excluded_lines": 0, "percent_statements_covered": 100.0, "percent_statements_covered_display": "100"}, "missing_lines": [], "excluded_lines": [], "start_line": 1}}, "classes": {"ParseResult": {"executed_lines": [], "summary": {"covered_lines": 0, "num_statements": 0, "percent_covered": 100.0, "percent_covered_display": "100", "missing_lines": 0, "excluded_lines": 0, "percent_statements_covered": 100.0, "percent_statements_covered_display": "100"}, "missing_lines": [], "excluded_lines": [], "start_line": 12}, "": {"executed_lines": [3, 5, 6, 7, 8, 11, 12, 13, 14, 17, 19, 20, 21, 22, 23, 24, 26, 27, 28, 29, 30, 31, 33, 36, 38, 39, 40, 43, 45, 46, 47, 48, 49, 50, 51], "summary": {"covered_lines": 35, "num_statements": 35, "percent_covered": 100.0, "percent_covered_display": "100", "missing_lines": 0, "excluded_lines": 0, "percent_statements_covered": 100.0, "percent_statements_covered_display": "100"}, "missing_lines": [], "excluded_lines": [], "start_line": 1}}}, "src/maskit/masking/rules.py": {"executed_lines": [3, 5, 6, 9, 10, 11, 12, 13, 14, 15, 16, 18, 19, 20, 21, 24, 25, 28, 29, 30, 31, 32, 33, 34, 35, 36, 38, 39, 42, 43, 44, 45, 46, 47, 48, 49, 51, 52, 55, 57, 58, 59, 60, 62, 63, 64, 65, 68, 70, 71, 72, 73, 75, 76, 77, 78, 79, 81, 82, 83, 87, 89, 90, 91, 92, 94, 95, 97, 98, 100, 101, 102, 103], "summary": {"covered_lines": 73, "num_statements": 81, "percent_covered": 90.12345679012346, "percent_covered_display": "90", "missing_lines": 8, "excluded_lines": 0, "percent_statements_covered": 90.12345679012346, "percent_statements_covered_display": "90"}, "missing_lines": [22, 61, 74, 80, 84, 93, 96, 99], "excluded_lines": [], "functions": {"MaskingRule.effective_prefix": {"executed_lines": [20, 21], "summary": {"covered_lines": 2, "num_statements": 3, "percent_covered": 66.66666666666667, "percent_covered_display": "67", "missing_lines": 1, "excluded_lines": 0, "percent_statements_covered": 66.66666666666667, "percent_statements_covered_display": "67"}, "missing_lines": [22], "excluded_lines": [], "start_line": 19}, "MaskingRule.matches_tool": {"executed_lines": [25], "summary": {"covered_lines": 1, "num_statements": 1, "percent_covered": 100.0, "percent_covered_display": "100", "missing_lines": 0, "excluded_lines": 0, "percent_statements_covered": 100.0, "percent_statements_covered_display": "100"}, "missing_lines": [], "excluded_lines": [], "start_line": 24}, "ArgumentGuardrail.matches_tool": {"executed_lines": [39], "summary": {"covered_lines": 1, "num_statements": 1, "percent_covered": 100.0, "percent_covered_display": "100", "missing_lines": 0, "excluded_lines": 0, "percent_statements_covered": 100.0, "percent_statements_covered_display": "100"}, "missing_lines": [], "excluded_lines": [], "start_line": 38}, "ArgumentInjection.matches_tool": {"executed_lines": [52], "summary": {"covered_lines": 1, "num_statements": 1, "percent_covered": 100.0, "percent_covered_display": "100", "missing_lines": 0, "excluded_lines": 0, "percent_statements_covered": 100.0, "percent_statements_covered_display": "100"}, "missing_lines": [], "excluded_lines": [], "start_line": 51}, "get_nested_value": {"executed_lines": [57, 58, 59, 60, 62, 63, 64, 65], "summary": {"covered_lines": 8, "num_statements": 9, "percent_covered": 88.88888888888889, "percent_covered_display": "89", "missing_lines": 1, "excluded_lines": 0, "percent_statements_covered": 88.88888888888889, "percent_statements_covered_display": "89"}, "missing_lines": [61], "excluded_lines": [], "start_line": 55}, "set_nested_value": {"executed_lines": [70, 71, 72, 73, 75, 76, 77, 78, 79, 81, 82, 83], "summary": {"covered_lines": 12, "num_statements": 15, "percent_covered": 80.0, "percent_covered_display": "80", "missing_lines": 3, "excluded_lines": 0, "percent_statements_covered": 80.0, "percent_statements_covered_display": "80"}, "missing_lines": [74, 80, 84], "excluded_lines": [], "start_line": 68}, "delete_nested_value": {"executed_lines": [89, 90, 91, 92, 94, 95, 97, 98, 100, 101, 102, 103], "summary": {"covered_lines": 12, "num_statements": 15, "percent_covered": 80.0, "percent_covered_display": "80", "missing_lines": 3, "excluded_lines": 0, "percent_statements_covered": 80.0, "percent_statements_covered_display": "80"}, "missing_lines": [93, 96, 99], "excluded_lines": [], "start_line": 87}, "": {"executed_lines": [3, 5, 6, 9, 10, 11, 12, 13, 14, 15, 16, 18, 19, 24, 28, 29, 30, 31, 32, 33, 34, 35, 36, 38, 42, 43, 44, 45, 46, 47, 48, 49, 51, 55, 68, 87], "summary": {"covered_lines": 36, "num_statements": 36, "percent_covered": 100.0, "percent_covered_display": "100", "missing_lines": 0, "excluded_lines": 0, "percent_statements_covered": 100.0, "percent_statements_covered_display": "100"}, "missing_lines": [], "excluded_lines": [], "start_line": 1}}, "classes": {"MaskingRule": {"executed_lines": [20, 21, 25], "summary": {"covered_lines": 3, "num_statements": 4, "percent_covered": 75.0, "percent_covered_display": "75", "missing_lines": 1, "excluded_lines": 0, "percent_statements_covered": 75.0, "percent_statements_covered_display": "75"}, "missing_lines": [22], "excluded_lines": [], "start_line": 10}, "ArgumentGuardrail": {"executed_lines": [39], "summary": {"covered_lines": 1, "num_statements": 1, "percent_covered": 100.0, "percent_covered_display": "100", "missing_lines": 0, "excluded_lines": 0, "percent_statements_covered": 100.0, "percent_statements_covered_display": "100"}, "missing_lines": [], "excluded_lines": [], "start_line": 29}, "ArgumentInjection": {"executed_lines": [52], "summary": {"covered_lines": 1, "num_statements": 1, "percent_covered": 100.0, "percent_covered_display": "100", "missing_lines": 0, "excluded_lines": 0, "percent_statements_covered": 100.0, "percent_statements_covered_display": "100"}, "missing_lines": [], "excluded_lines": [], "start_line": 43}, "": {"executed_lines": [3, 5, 6, 9, 10, 11, 12, 13, 14, 15, 16, 18, 19, 24, 28, 29, 30, 31, 32, 33, 34, 35, 36, 38, 42, 43, 44, 45, 46, 47, 48, 49, 51, 55, 57, 58, 59, 60, 62, 63, 64, 65, 68, 70, 71, 72, 73, 75, 76, 77, 78, 79, 81, 82, 83, 87, 89, 90, 91, 92, 94, 95, 97, 98, 100, 101, 102, 103], "summary": {"covered_lines": 68, "num_statements": 75, "percent_covered": 90.66666666666667, "percent_covered_display": "91", "missing_lines": 7, "excluded_lines": 0, "percent_statements_covered": 90.66666666666667, "percent_statements_covered_display": "91"}, "missing_lines": [61, 74, 80, 84, 93, 96, 99], "excluded_lines": [], "start_line": 1}}}, "src/maskit/masking/store.py": {"executed_lines": [3, 5, 6, 8, 10, 11, 13, 97, 98, 99, 100, 102, 103, 104, 105, 106, 107, 108, 109, 110, 111, 112, 114, 116, 117, 118, 139, 140, 141, 147, 148, 149, 150, 153, 155, 157, 161, 162, 164, 165, 166, 167, 168, 169, 170, 174, 178, 182, 183, 184, 187, 188, 189, 191, 195, 196, 198, 200, 203, 204, 206, 208, 209, 210, 212, 213, 215, 216, 217, 228, 230, 231, 232, 237, 238, 242, 243, 247, 248, 250, 251, 255, 256, 258, 259, 260, 272, 273, 277, 278, 280, 281, 282, 283, 287, 288, 292, 293, 295, 296, 297, 298, 303, 304, 305, 318, 319, 321, 322, 323, 325, 326, 327, 330, 331, 333, 334, 335, 336, 340, 341, 345, 346, 348, 349, 350, 351, 356, 357, 358, 370, 371, 373, 374, 375, 377, 378, 379, 382, 383, 385, 386, 387, 388, 392, 393, 394, 398, 399, 401, 402, 407, 408, 410, 411, 412, 413, 415, 416, 418, 419, 420, 434, 442, 443, 444, 445, 447, 448, 449, 453, 457, 464, 465, 469, 470, 472, 473, 477, 478, 482, 483, 484, 488, 490, 491, 494, 495, 497, 504, 505, 506, 510, 511, 513, 514, 517, 518, 520, 521, 524, 526, 527, 528, 539, 540, 544, 545, 546, 547, 555, 556], "summary": {"covered_lines": 212, "num_statements": 244, "percent_covered": 86.88524590163935, "percent_covered_display": "87", "missing_lines": 32, "excluded_lines": 0, "percent_statements_covered": 86.88524590163935, "percent_statements_covered_display": "87"}, "missing_lines": [119, 122, 125, 128, 131, 134, 137, 142, 145, 158, 159, 234, 235, 252, 253, 300, 301, 320, 324, 353, 354, 372, 376, 435, 439, 440, 458, 462, 498, 501, 502, 522], "excluded_lines": [], "functions": {"MaskingStore.__init__": {"executed_lines": [99, 100], "summary": {"covered_lines": 2, "num_statements": 2, "percent_covered": 100.0, "percent_covered_display": "100", "missing_lines": 0, "excluded_lines": 0, "percent_statements_covered": 100.0, "percent_statements_covered_display": "100"}, "missing_lines": [], "excluded_lines": [], "start_line": 98}, "MaskingStore.create": {"executed_lines": [104, 105, 106, 107, 108, 109, 110, 111, 112], "summary": {"covered_lines": 9, "num_statements": 9, "percent_covered": 100.0, "percent_covered_display": "100", "missing_lines": 0, "excluded_lines": 0, "percent_statements_covered": 100.0, "percent_statements_covered_display": "100"}, "missing_lines": [], "excluded_lines": [], "start_line": 103}, "MaskingStore._migrate": {"executed_lines": [116, 117, 118, 139, 140, 141, 147, 148, 149, 150, 153], "summary": {"covered_lines": 11, "num_statements": 20, "percent_covered": 55.0, "percent_covered_display": "55", "missing_lines": 9, "excluded_lines": 0, "percent_statements_covered": 55.0, "percent_statements_covered_display": "55"}, "missing_lines": [119, 122, 125, 128, 131, 134, 137, 142, 145], "excluded_lines": [], "start_line": 114}, "MaskingStore._load_counters": {"executed_lines": [157, 161, 162, 164, 165, 166, 167, 168, 169, 170], "summary": {"covered_lines": 10, "num_statements": 12, "percent_covered": 83.33333333333333, "percent_covered_display": "83", "missing_lines": 2, "excluded_lines": 0, "percent_statements_covered": 83.33333333333333, "percent_statements_covered_display": "83"}, "missing_lines": [158, 159], "excluded_lines": [], "start_line": 155}, "MaskingStore.get_or_create_alias": {"executed_lines": [178, 182, 183, 184, 187, 188, 189, 191, 195, 196], "summary": {"covered_lines": 10, "num_statements": 10, "percent_covered": 100.0, "percent_covered_display": "100", "missing_lines": 0, "excluded_lines": 0, "percent_statements_covered": 100.0, "percent_statements_covered_display": "100"}, "missing_lines": [], "excluded_lines": [], "start_line": 174}, "MaskingStore.resolve_alias": {"executed_lines": [200, 203, 204], "summary": {"covered_lines": 3, "num_statements": 3, "percent_covered": 100.0, "percent_covered_display": "100", "missing_lines": 0, "excluded_lines": 0, "percent_statements_covered": 100.0, "percent_statements_covered_display": "100"}, "missing_lines": [], "excluded_lines": [], "start_line": 198}, "MaskingStore.get_all_mappings": {"executed_lines": [208, 209, 210, 212, 213, 215, 216, 217], "summary": {"covered_lines": 8, "num_statements": 8, "percent_covered": 100.0, "percent_covered_display": "100", "missing_lines": 0, "excluded_lines": 0, "percent_statements_covered": 100.0, "percent_statements_covered_display": "100"}, "missing_lines": [], "excluded_lines": [], "start_line": 206}, "MaskingStore.get_all_aliases": {"executed_lines": [230, 231, 232, 237, 238], "summary": {"covered_lines": 5, "num_statements": 7, "percent_covered": 71.42857142857143, "percent_covered_display": "71", "missing_lines": 2, "excluded_lines": 0, "percent_statements_covered": 71.42857142857143, "percent_statements_covered_display": "71"}, "missing_lines": [234, 235], "excluded_lines": [], "start_line": 228}, "MaskingStore.add_rule": {"executed_lines": [243, 247, 248], "summary": {"covered_lines": 3, "num_statements": 3, "percent_covered": 100.0, "percent_covered_display": "100", "missing_lines": 0, "excluded_lines": 0, "percent_statements_covered": 100.0, "percent_statements_covered_display": "100"}, "missing_lines": [], "excluded_lines": [], "start_line": 242}, "MaskingStore.get_rules": {"executed_lines": [251, 255, 256, 258, 259, 260], "summary": {"covered_lines": 6, "num_statements": 8, "percent_covered": 75.0, "percent_covered_display": "75", "missing_lines": 2, "excluded_lines": 0, "percent_statements_covered": 75.0, "percent_statements_covered_display": "75"}, "missing_lines": [252, 253], "excluded_lines": [], "start_line": 250}, "MaskingStore.update_rule": {"executed_lines": [273, 277, 278], "summary": {"covered_lines": 3, "num_statements": 3, "percent_covered": 100.0, "percent_covered_display": "100", "missing_lines": 0, "excluded_lines": 0, "percent_statements_covered": 100.0, "percent_statements_covered_display": "100"}, "missing_lines": [], "excluded_lines": [], "start_line": 272}, "MaskingStore.delete_rule": {"executed_lines": [281, 282, 283], "summary": {"covered_lines": 3, "num_statements": 3, "percent_covered": 100.0, "percent_covered_display": "100", "missing_lines": 0, "excluded_lines": 0, "percent_statements_covered": 100.0, "percent_statements_covered_display": "100"}, "missing_lines": [], "excluded_lines": [], "start_line": 280}, "MaskingStore.add_guardrail": {"executed_lines": [288, 292, 293], "summary": {"covered_lines": 3, "num_statements": 3, "percent_covered": 100.0, "percent_covered_display": "100", "missing_lines": 0, "excluded_lines": 0, "percent_statements_covered": 100.0, "percent_statements_covered_display": "100"}, "missing_lines": [], "excluded_lines": [], "start_line": 287}, "MaskingStore.get_guardrails": {"executed_lines": [296, 297, 298, 303, 304, 305], "summary": {"covered_lines": 6, "num_statements": 8, "percent_covered": 75.0, "percent_covered_display": "75", "missing_lines": 2, "excluded_lines": 0, "percent_statements_covered": 75.0, "percent_statements_covered_display": "75"}, "missing_lines": [300, 301], "excluded_lines": [], "start_line": 295}, "MaskingStore.update_guardrail": {"executed_lines": [319, 321, 322, 323, 325, 326, 327, 330, 331], "summary": {"covered_lines": 9, "num_statements": 11, "percent_covered": 81.81818181818181, "percent_covered_display": "82", "missing_lines": 2, "excluded_lines": 0, "percent_statements_covered": 81.81818181818181, "percent_statements_covered_display": "82"}, "missing_lines": [320, 324], "excluded_lines": [], "start_line": 318}, "MaskingStore.delete_guardrail": {"executed_lines": [334, 335, 336], "summary": {"covered_lines": 3, "num_statements": 3, "percent_covered": 100.0, "percent_covered_display": "100", "missing_lines": 0, "excluded_lines": 0, "percent_statements_covered": 100.0, "percent_statements_covered_display": "100"}, "missing_lines": [], "excluded_lines": [], "start_line": 333}, "MaskingStore.add_injection": {"executed_lines": [341, 345, 346], "summary": {"covered_lines": 3, "num_statements": 3, "percent_covered": 100.0, "percent_covered_display": "100", "missing_lines": 0, "excluded_lines": 0, "percent_statements_covered": 100.0, "percent_statements_covered_display": "100"}, "missing_lines": [], "excluded_lines": [], "start_line": 340}, "MaskingStore.get_injections": {"executed_lines": [349, 350, 351, 356, 357, 358], "summary": {"covered_lines": 6, "num_statements": 8, "percent_covered": 75.0, "percent_covered_display": "75", "missing_lines": 2, "excluded_lines": 0, "percent_statements_covered": 75.0, "percent_statements_covered_display": "75"}, "missing_lines": [353, 354], "excluded_lines": [], "start_line": 348}, "MaskingStore.update_injection": {"executed_lines": [371, 373, 374, 375, 377, 378, 379, 382, 383], "summary": {"covered_lines": 9, "num_statements": 11, "percent_covered": 81.81818181818181, "percent_covered_display": "82", "missing_lines": 2, "excluded_lines": 0, "percent_statements_covered": 81.81818181818181, "percent_statements_covered_display": "82"}, "missing_lines": [372, 376], "excluded_lines": [], "start_line": 370}, "MaskingStore.delete_injection": {"executed_lines": [386, 387, 388], "summary": {"covered_lines": 3, "num_statements": 3, "percent_covered": 100.0, "percent_covered_display": "100", "missing_lines": 0, "excluded_lines": 0, "percent_statements_covered": 100.0, "percent_statements_covered_display": "100"}, "missing_lines": [], "excluded_lines": [], "start_line": 385}, "MaskingStore.add_mapper": {"executed_lines": [393, 394, 398, 399, 401, 402, 407, 408], "summary": {"covered_lines": 8, "num_statements": 8, "percent_covered": 100.0, "percent_covered_display": "100", "missing_lines": 0, "excluded_lines": 0, "percent_statements_covered": 100.0, "percent_statements_covered_display": "100"}, "missing_lines": [], "excluded_lines": [], "start_line": 392}, "MaskingStore.get_mappers": {"executed_lines": [411, 412, 413, 415, 416, 418, 419, 420], "summary": {"covered_lines": 8, "num_statements": 8, "percent_covered": 100.0, "percent_covered_display": "100", "missing_lines": 0, "excluded_lines": 0, "percent_statements_covered": 100.0, "percent_statements_covered_display": "100"}, "missing_lines": [], "excluded_lines": [], "start_line": 410}, "MaskingStore.update_mapper": {"executed_lines": [], "summary": {"covered_lines": 0, "num_statements": 3, "percent_covered": 0.0, "percent_covered_display": "0", "missing_lines": 3, "excluded_lines": 0, "percent_statements_covered": 0.0, "percent_statements_covered_display": "0"}, "missing_lines": [435, 439, 440], "excluded_lines": [], "start_line": 434}, "MaskingStore.delete_mapper": {"executed_lines": [443, 444, 445], "summary": {"covered_lines": 3, "num_statements": 3, "percent_covered": 100.0, "percent_covered_display": "100", "missing_lines": 0, "excluded_lines": 0, "percent_statements_covered": 100.0, "percent_statements_covered_display": "100"}, "missing_lines": [], "excluded_lines": [], "start_line": 442}, "MaskingStore.reorder_mappers": {"executed_lines": [448, 449, 453], "summary": {"covered_lines": 3, "num_statements": 3, "percent_covered": 100.0, "percent_covered_display": "100", "missing_lines": 0, "excluded_lines": 0, "percent_statements_covered": 100.0, "percent_statements_covered_display": "100"}, "missing_lines": [], "excluded_lines": [], "start_line": 447}, "MaskingStore.get_hidden_tools": {"executed_lines": [], "summary": {"covered_lines": 0, "num_statements": 2, "percent_covered": 0.0, "percent_covered_display": "0", "missing_lines": 2, "excluded_lines": 0, "percent_statements_covered": 0.0, "percent_statements_covered_display": "0"}, "missing_lines": [458, 462], "excluded_lines": [], "start_line": 457}, "MaskingStore.hide_tool": {"executed_lines": [465, 469, 470], "summary": {"covered_lines": 3, "num_statements": 3, "percent_covered": 100.0, "percent_covered_display": "100", "missing_lines": 0, "excluded_lines": 0, "percent_statements_covered": 100.0, "percent_statements_covered_display": "100"}, "missing_lines": [], "excluded_lines": [], "start_line": 464}, "MaskingStore.unhide_tool": {"executed_lines": [473, 477, 478], "summary": {"covered_lines": 3, "num_statements": 3, "percent_covered": 100.0, "percent_covered_display": "100", "missing_lines": 0, "excluded_lines": 0, "percent_statements_covered": 100.0, "percent_statements_covered_display": "100"}, "missing_lines": [], "excluded_lines": [], "start_line": 472}, "MaskingStore.install_server": {"executed_lines": [483, 484, 488], "summary": {"covered_lines": 3, "num_statements": 3, "percent_covered": 100.0, "percent_covered_display": "100", "missing_lines": 0, "excluded_lines": 0, "percent_statements_covered": 100.0, "percent_statements_covered_display": "100"}, "missing_lines": [], "excluded_lines": [], "start_line": 482}, "MaskingStore.deactivate_server": {"executed_lines": [491, 494, 495], "summary": {"covered_lines": 3, "num_statements": 3, "percent_covered": 100.0, "percent_covered_display": "100", "missing_lines": 0, "excluded_lines": 0, "percent_statements_covered": 100.0, "percent_statements_covered_display": "100"}, "missing_lines": [], "excluded_lines": [], "start_line": 490}, "MaskingStore.activate_server": {"executed_lines": [], "summary": {"covered_lines": 0, "num_statements": 3, "percent_covered": 0.0, "percent_covered_display": "0", "missing_lines": 3, "excluded_lines": 0, "percent_statements_covered": 0.0, "percent_statements_covered_display": "0"}, "missing_lines": [498, 501, 502], "excluded_lines": [], "start_line": 497}, "MaskingStore.update_server": {"executed_lines": [505, 506, 510, 511], "summary": {"covered_lines": 4, "num_statements": 4, "percent_covered": 100.0, "percent_covered_display": "100", "missing_lines": 0, "excluded_lines": 0, "percent_statements_covered": 100.0, "percent_statements_covered_display": "100"}, "missing_lines": [], "excluded_lines": [], "start_line": 504}, "MaskingStore.uninstall_server": {"executed_lines": [514, 517, 518], "summary": {"covered_lines": 3, "num_statements": 3, "percent_covered": 100.0, "percent_covered_display": "100", "missing_lines": 0, "excluded_lines": 0, "percent_statements_covered": 100.0, "percent_statements_covered_display": "100"}, "missing_lines": [], "excluded_lines": [], "start_line": 513}, "MaskingStore.get_installed_servers": {"executed_lines": [521, 524, 526, 527, 528], "summary": {"covered_lines": 5, "num_statements": 6, "percent_covered": 83.33333333333333, "percent_covered_display": "83", "missing_lines": 1, "excluded_lines": 0, "percent_statements_covered": 83.33333333333333, "percent_statements_covered_display": "83"}, "missing_lines": [522], "excluded_lines": [], "start_line": 520}, "MaskingStore.get_server": {"executed_lines": [540, 544, 545, 546, 547], "summary": {"covered_lines": 5, "num_statements": 5, "percent_covered": 100.0, "percent_covered_display": "100", "missing_lines": 0, "excluded_lines": 0, "percent_statements_covered": 100.0, "percent_statements_covered_display": "100"}, "missing_lines": [], "excluded_lines": [], "start_line": 539}, "MaskingStore.close": {"executed_lines": [556], "summary": {"covered_lines": 1, "num_statements": 1, "percent_covered": 100.0, "percent_covered_display": "100", "missing_lines": 0, "excluded_lines": 0, "percent_statements_covered": 100.0, "percent_statements_covered_display": "100"}, "missing_lines": [], "excluded_lines": [], "start_line": 555}, "": {"executed_lines": [3, 5, 6, 8, 10, 11, 13, 97, 98, 102, 103, 114, 155, 174, 198, 206, 228, 242, 250, 272, 280, 287, 295, 318, 333, 340, 348, 370, 385, 392, 410, 434, 442, 447, 457, 464, 472, 482, 490, 497, 504, 513, 520, 539, 555], "summary": {"covered_lines": 45, "num_statements": 45, "percent_covered": 100.0, "percent_covered_display": "100", "missing_lines": 0, "excluded_lines": 0, "percent_statements_covered": 100.0, "percent_statements_covered_display": "100"}, "missing_lines": [], "excluded_lines": [], "start_line": 1}}, "classes": {"MaskingStore": {"executed_lines": [99, 100, 104, 105, 106, 107, 108, 109, 110, 111, 112, 116, 117, 118, 139, 140, 141, 147, 148, 149, 150, 153, 157, 161, 162, 164, 165, 166, 167, 168, 169, 170, 178, 182, 183, 184, 187, 188, 189, 191, 195, 196, 200, 203, 204, 208, 209, 210, 212, 213, 215, 216, 217, 230, 231, 232, 237, 238, 243, 247, 248, 251, 255, 256, 258, 259, 260, 273, 277, 278, 281, 282, 283, 288, 292, 293, 296, 297, 298, 303, 304, 305, 319, 321, 322, 323, 325, 326, 327, 330, 331, 334, 335, 336, 341, 345, 346, 349, 350, 351, 356, 357, 358, 371, 373, 374, 375, 377, 378, 379, 382, 383, 386, 387, 388, 393, 394, 398, 399, 401, 402, 407, 408, 411, 412, 413, 415, 416, 418, 419, 420, 443, 444, 445, 448, 449, 453, 465, 469, 470, 473, 477, 478, 483, 484, 488, 491, 494, 495, 505, 506, 510, 511, 514, 517, 518, 521, 524, 526, 527, 528, 540, 544, 545, 546, 547, 556], "summary": {"covered_lines": 167, "num_statements": 199, "percent_covered": 83.91959798994975, "percent_covered_display": "84", "missing_lines": 32, "excluded_lines": 0, "percent_statements_covered": 83.91959798994975, "percent_statements_covered_display": "84"}, "missing_lines": [119, 122, 125, 128, 131, 134, 137, 142, 145, 158, 159, 234, 235, 252, 253, 300, 301, 320, 324, 353, 354, 372, 376, 435, 439, 440, 458, 462, 498, 501, 502, 522], "excluded_lines": [], "start_line": 97}, "": {"executed_lines": [3, 5, 6, 8, 10, 11, 13, 97, 98, 102, 103, 114, 155, 174, 198, 206, 228, 242, 250, 272, 280, 287, 295, 318, 333, 340, 348, 370, 385, 392, 410, 434, 442, 447, 457, 464, 472, 482, 490, 497, 504, 513, 520, 539, 555], "summary": {"covered_lines": 45, "num_statements": 45, "percent_covered": 100.0, "percent_covered_display": "100", "missing_lines": 0, "excluded_lines": 0, "percent_statements_covered": 100.0, "percent_statements_covered_display": "100"}, "missing_lines": [], "excluded_lines": [], "start_line": 1}}}, "src/maskit/models.py": {"executed_lines": [], "summary": {"covered_lines": 0, "num_statements": 42, "percent_covered": 0.0, "percent_covered_display": "0", "missing_lines": 42, "excluded_lines": 0, "percent_statements_covered": 0.0, "percent_statements_covered_display": "0"}, "missing_lines": [1, 3, 6, 7, 8, 9, 12, 13, 14, 15, 16, 19, 20, 21, 22, 25, 26, 27, 28, 29, 32, 33, 34, 35, 36, 37, 40, 41, 42, 43, 44, 47, 48, 49, 50, 51, 54, 55, 56, 57, 58, 59], "excluded_lines": [], "functions": {"": {"executed_lines": [], "summary": {"covered_lines": 0, "num_statements": 42, "percent_covered": 0.0, "percent_covered_display": "0", "missing_lines": 42, "excluded_lines": 0, "percent_statements_covered": 0.0, "percent_statements_covered_display": "0"}, "missing_lines": [1, 3, 6, 7, 8, 9, 12, 13, 14, 15, 16, 19, 20, 21, 22, 25, 26, 27, 28, 29, 32, 33, 34, 35, 36, 37, 40, 41, 42, 43, 44, 47, 48, 49, 50, 51, 54, 55, 56, 57, 58, 59], "excluded_lines": [], "start_line": 1}}, "classes": {"HttpOAuthConfig": {"executed_lines": [], "summary": {"covered_lines": 0, "num_statements": 0, "percent_covered": 100.0, "percent_covered_display": "100", "missing_lines": 0, "excluded_lines": 0, "percent_statements_covered": 100.0, "percent_statements_covered_display": "100"}, "missing_lines": [], "excluded_lines": [], "start_line": 6}, "UpstreamStdioConfig": {"executed_lines": [], "summary": {"covered_lines": 0, "num_statements": 0, "percent_covered": 100.0, "percent_covered_display": "100", "missing_lines": 0, "excluded_lines": 0, "percent_statements_covered": 100.0, "percent_statements_covered_display": "100"}, "missing_lines": [], "excluded_lines": [], "start_line": 12}, "UpstreamHttpConfig": {"executed_lines": [], "summary": {"covered_lines": 0, "num_statements": 0, "percent_covered": 100.0, "percent_covered_display": "100", "missing_lines": 0, "excluded_lines": 0, "percent_statements_covered": 100.0, "percent_statements_covered_display": "100"}, "missing_lines": [], "excluded_lines": [], "start_line": 19}, "MaskingRuleConfig": {"executed_lines": [], "summary": {"covered_lines": 0, "num_statements": 0, "percent_covered": 100.0, "percent_covered_display": "100", "missing_lines": 0, "excluded_lines": 0, "percent_statements_covered": 100.0, "percent_statements_covered_display": "100"}, "missing_lines": [], "excluded_lines": [], "start_line": 25}, "GuardrailConfig": {"executed_lines": [], "summary": {"covered_lines": 0, "num_statements": 0, "percent_covered": 100.0, "percent_covered_display": "100", "missing_lines": 0, "excluded_lines": 0, "percent_statements_covered": 100.0, "percent_statements_covered_display": "100"}, "missing_lines": [], "excluded_lines": [], "start_line": 32}, "InjectionConfig": {"executed_lines": [], "summary": {"covered_lines": 0, "num_statements": 0, "percent_covered": 100.0, "percent_covered_display": "100", "missing_lines": 0, "excluded_lines": 0, "percent_statements_covered": 100.0, "percent_statements_covered_display": "100"}, "missing_lines": [], "excluded_lines": [], "start_line": 40}, "TargetConfig": {"executed_lines": [], "summary": {"covered_lines": 0, "num_statements": 0, "percent_covered": 100.0, "percent_covered_display": "100", "missing_lines": 0, "excluded_lines": 0, "percent_statements_covered": 100.0, "percent_statements_covered_display": "100"}, "missing_lines": [], "excluded_lines": [], "start_line": 47}, "MultiTargetConfig": {"executed_lines": [], "summary": {"covered_lines": 0, "num_statements": 0, "percent_covered": 100.0, "percent_covered_display": "100", "missing_lines": 0, "excluded_lines": 0, "percent_statements_covered": 100.0, "percent_statements_covered_display": "100"}, "missing_lines": [], "excluded_lines": [], "start_line": 54}, "": {"executed_lines": [], "summary": {"covered_lines": 0, "num_statements": 42, "percent_covered": 0.0, "percent_covered_display": "0", "missing_lines": 42, "excluded_lines": 0, "percent_statements_covered": 0.0, "percent_statements_covered_display": "0"}, "missing_lines": [1, 3, 6, 7, 8, 9, 12, 13, 14, 15, 16, 19, 20, 21, 22, 25, 26, 27, 28, 29, 32, 33, 34, 35, 36, 37, 40, 41, 42, 43, 44, 47, 48, 49, 50, 51, 54, 55, 56, 57, 58, 59], "excluded_lines": [], "start_line": 1}}}, "src/maskit/oauth/__init__.py": {"executed_lines": [], "summary": {"covered_lines": 0, "num_statements": 0, "percent_covered": 100.0, "percent_covered_display": "100", "missing_lines": 0, "excluded_lines": 0, "percent_statements_covered": 100.0, "percent_statements_covered_display": "100"}, "missing_lines": [], "excluded_lines": [], "functions": {"": {"executed_lines": [], "summary": {"covered_lines": 0, "num_statements": 0, "percent_covered": 100.0, "percent_covered_display": "100", "missing_lines": 0, "excluded_lines": 0, "percent_statements_covered": 100.0, "percent_statements_covered_display": "100"}, "missing_lines": [], "excluded_lines": [], "start_line": 1}}, "classes": {"": {"executed_lines": [], "summary": {"covered_lines": 0, "num_statements": 0, "percent_covered": 100.0, "percent_covered_display": "100", "missing_lines": 0, "excluded_lines": 0, "percent_statements_covered": 100.0, "percent_statements_covered_display": "100"}, "missing_lines": [], "excluded_lines": [], "start_line": 1}}}, "src/maskit/oauth/handler.py": {"executed_lines": [], "summary": {"covered_lines": 0, "num_statements": 96, "percent_covered": 0.0, "percent_covered_display": "0", "missing_lines": 96, "excluded_lines": 0, "percent_statements_covered": 0.0, "percent_statements_covered_display": "0"}, "missing_lines": [7, 9, 10, 11, 12, 13, 15, 16, 17, 18, 19, 21, 22, 24, 26, 28, 31, 34, 35, 36, 38, 39, 40, 41, 42, 43, 44, 46, 47, 49, 50, 51, 52, 53, 54, 56, 57, 58, 59, 61, 62, 63, 64, 65, 66, 68, 69, 70, 71, 74, 77, 78, 79, 80, 81, 83, 84, 85, 87, 88, 89, 90, 92, 93, 94, 98, 99, 108, 109, 113, 115, 116, 117, 118, 119, 122, 135, 137, 139, 140, 141, 143, 152, 153, 154, 155, 156, 165, 166, 168, 169, 174, 176, 177, 179, 187], "excluded_lines": [], "functions": {"FileTokenStorage.__init__": {"executed_lines": [], "summary": {"covered_lines": 0, "num_statements": 2, "percent_covered": 0.0, "percent_covered_display": "0", "missing_lines": 2, "excluded_lines": 0, "percent_statements_covered": 0.0, "percent_statements_covered_display": "0"}, "missing_lines": [35, 36], "excluded_lines": [], "start_line": 34}, "FileTokenStorage._read": {"executed_lines": [], "summary": {"covered_lines": 0, "num_statements": 6, "percent_covered": 0.0, "percent_covered_display": "0", "missing_lines": 6, "excluded_lines": 0, "percent_statements_covered": 0.0, "percent_statements_covered_display": "0"}, "missing_lines": [39, 40, 41, 42, 43, 44], "excluded_lines": [], "start_line": 38}, "FileTokenStorage._write": {"executed_lines": [], "summary": {"covered_lines": 0, "num_statements": 1, "percent_covered": 0.0, "percent_covered_display": "0", "missing_lines": 1, "excluded_lines": 0, "percent_statements_covered": 0.0, "percent_statements_covered_display": "0"}, "missing_lines": [47], "excluded_lines": [], "start_line": 46}, "FileTokenStorage.get_tokens": {"executed_lines": [], "summary": {"covered_lines": 0, "num_statements": 5, "percent_covered": 0.0, "percent_covered_display": "0", "missing_lines": 5, "excluded_lines": 0, "percent_statements_covered": 0.0, "percent_statements_covered_display": "0"}, "missing_lines": [50, 51, 52, 53, 54], "excluded_lines": [], "start_line": 49}, "FileTokenStorage.set_tokens": {"executed_lines": [], "summary": {"covered_lines": 0, "num_statements": 3, "percent_covered": 0.0, "percent_covered_display": "0", "missing_lines": 3, "excluded_lines": 0, "percent_statements_covered": 0.0, "percent_statements_covered_display": "0"}, "missing_lines": [57, 58, 59], "excluded_lines": [], "start_line": 56}, "FileTokenStorage.get_client_info": {"executed_lines": [], "summary": {"covered_lines": 0, "num_statements": 5, "percent_covered": 0.0, "percent_covered_display": "0", "missing_lines": 5, "excluded_lines": 0, "percent_statements_covered": 0.0, "percent_statements_covered_display": "0"}, "missing_lines": [62, 63, 64, 65, 66], "excluded_lines": [], "start_line": 61}, "FileTokenStorage.set_client_info": {"executed_lines": [], "summary": {"covered_lines": 0, "num_statements": 3, "percent_covered": 0.0, "percent_covered_display": "0", "missing_lines": 3, "excluded_lines": 0, "percent_statements_covered": 0.0, "percent_statements_covered_display": "0"}, "missing_lines": [69, 70, 71], "excluded_lines": [], "start_line": 68}, "OAuthCallbackServer.__init__": {"executed_lines": [], "summary": {"covered_lines": 0, "num_statements": 4, "percent_covered": 0.0, "percent_covered_display": "0", "missing_lines": 4, "excluded_lines": 0, "percent_statements_covered": 0.0, "percent_statements_covered_display": "0"}, "missing_lines": [78, 79, 80, 81], "excluded_lines": [], "start_line": 77}, "OAuthCallbackServer.redirect_uri": {"executed_lines": [], "summary": {"covered_lines": 0, "num_statements": 1, "percent_covered": 0.0, "percent_covered_display": "0", "missing_lines": 1, "excluded_lines": 0, "percent_statements_covered": 0.0, "percent_statements_covered_display": "0"}, "missing_lines": [85], "excluded_lines": [], "start_line": 84}, "OAuthCallbackServer._callback_route": {"executed_lines": [], "summary": {"covered_lines": 0, "num_statements": 8, "percent_covered": 0.0, "percent_covered_display": "0", "missing_lines": 8, "excluded_lines": 0, "percent_statements_covered": 0.0, "percent_statements_covered_display": "0"}, "missing_lines": [88, 89, 90, 92, 93, 94, 98, 99], "excluded_lines": [], "start_line": 87}, "OAuthCallbackServer.create_app": {"executed_lines": [], "summary": {"covered_lines": 0, "num_statements": 1, "percent_covered": 0.0, "percent_covered_display": "0", "missing_lines": 1, "excluded_lines": 0, "percent_statements_covered": 0.0, "percent_statements_covered_display": "0"}, "missing_lines": [109], "excluded_lines": [], "start_line": 108}, "OAuthCallbackServer.wait_for_callback": {"executed_lines": [], "summary": {"covered_lines": 0, "num_statements": 5, "percent_covered": 0.0, "percent_covered_display": "0", "missing_lines": 5, "excluded_lines": 0, "percent_statements_covered": 0.0, "percent_statements_covered_display": "0"}, "missing_lines": [115, 116, 117, 118, 119], "excluded_lines": [], "start_line": 113}, "create_oauth_provider": {"executed_lines": [], "summary": {"covered_lines": 0, "num_statements": 17, "percent_covered": 0.0, "percent_covered_display": "0", "missing_lines": 17, "excluded_lines": 0, "percent_statements_covered": 0.0, "percent_statements_covered_display": "0"}, "missing_lines": [135, 137, 139, 140, 141, 143, 152, 153, 154, 155, 156, 165, 166, 168, 176, 179, 187], "excluded_lines": [], "start_line": 122}, "create_oauth_provider.redirect_handler": {"executed_lines": [], "summary": {"covered_lines": 0, "num_statements": 2, "percent_covered": 0.0, "percent_covered_display": "0", "missing_lines": 2, "excluded_lines": 0, "percent_statements_covered": 0.0, "percent_statements_covered_display": "0"}, "missing_lines": [169, 174], "excluded_lines": [], "start_line": 168}, "create_oauth_provider.callback_handler": {"executed_lines": [], "summary": {"covered_lines": 0, "num_statements": 1, "percent_covered": 0.0, "percent_covered_display": "0", "missing_lines": 1, "excluded_lines": 0, "percent_statements_covered": 0.0, "percent_statements_covered_display": "0"}, "missing_lines": [177], "excluded_lines": [], "start_line": 176}, "": {"executed_lines": [], "summary": {"covered_lines": 0, "num_statements": 32, "percent_covered": 0.0, "percent_covered_display": "0", "missing_lines": 32, "excluded_lines": 0, "percent_statements_covered": 0.0, "percent_statements_covered_display": "0"}, "missing_lines": [7, 9, 10, 11, 12, 13, 15, 16, 17, 18, 19, 21, 22, 24, 26, 28, 31, 34, 38, 46, 49, 56, 61, 68, 74, 77, 83, 84, 87, 108, 113, 122], "excluded_lines": [], "start_line": 1}}, "classes": {"FileTokenStorage": {"executed_lines": [], "summary": {"covered_lines": 0, "num_statements": 25, "percent_covered": 0.0, "percent_covered_display": "0", "missing_lines": 25, "excluded_lines": 0, "percent_statements_covered": 0.0, "percent_statements_covered_display": "0"}, "missing_lines": [35, 36, 39, 40, 41, 42, 43, 44, 47, 50, 51, 52, 53, 54, 57, 58, 59, 62, 63, 64, 65, 66, 69, 70, 71], "excluded_lines": [], "start_line": 31}, "OAuthCallbackServer": {"executed_lines": [], "summary": {"covered_lines": 0, "num_statements": 19, "percent_covered": 0.0, "percent_covered_display": "0", "missing_lines": 19, "excluded_lines": 0, "percent_statements_covered": 0.0, "percent_statements_covered_display": "0"}, "missing_lines": [78, 79, 80, 81, 85, 88, 89, 90, 92, 93, 94, 98, 99, 109, 115, 116, 117, 118, 119], "excluded_lines": [], "start_line": 74}, "": {"executed_lines": [], "summary": {"covered_lines": 0, "num_statements": 52, "percent_covered": 0.0, "percent_covered_display": "0", "missing_lines": 52, "excluded_lines": 0, "percent_statements_covered": 0.0, "percent_statements_covered_display": "0"}, "missing_lines": [7, 9, 10, 11, 12, 13, 15, 16, 17, 18, 19, 21, 22, 24, 26, 28, 31, 34, 38, 46, 49, 56, 61, 68, 74, 77, 83, 84, 87, 108, 113, 122, 135, 137, 139, 140, 141, 143, 152, 153, 154, 155, 156, 165, 166, 168, 169, 174, 176, 177, 179, 187], "excluded_lines": [], "start_line": 1}}}, "src/maskit/proxy/__init__.py": {"executed_lines": [], "summary": {"covered_lines": 0, "num_statements": 0, "percent_covered": 100.0, "percent_covered_display": "100", "missing_lines": 0, "excluded_lines": 0, "percent_statements_covered": 100.0, "percent_statements_covered_display": "100"}, "missing_lines": [], "excluded_lines": [], "functions": {"": {"executed_lines": [], "summary": {"covered_lines": 0, "num_statements": 0, "percent_covered": 100.0, "percent_covered_display": "100", "missing_lines": 0, "excluded_lines": 0, "percent_statements_covered": 100.0, "percent_statements_covered_display": "100"}, "missing_lines": [], "excluded_lines": [], "start_line": 1}}, "classes": {"": {"executed_lines": [], "summary": {"covered_lines": 0, "num_statements": 0, "percent_covered": 100.0, "percent_covered_display": "100", "missing_lines": 0, "excluded_lines": 0, "percent_statements_covered": 100.0, "percent_statements_covered_display": "100"}, "missing_lines": [], "excluded_lines": [], "start_line": 1}}}, "src/maskit/proxy/core.py": {"executed_lines": [3, 5, 6, 7, 8, 9, 11, 12, 14, 15, 29, 32, 35, 37, 38, 40, 41, 42, 43, 44, 46, 47, 48, 49, 50, 51, 54, 55, 56, 57, 58, 61, 62, 63, 64, 68, 69, 72, 73, 74, 75, 76, 77, 78, 79, 80, 81, 82, 83, 84, 86, 87, 89, 90, 91, 93, 94, 95, 96, 97, 98, 101, 104, 105, 106, 107, 108, 109, 110, 112, 113, 115, 116, 120, 126, 136, 137, 140, 141, 144, 145, 146, 147, 152, 153, 156, 157, 160, 165, 166, 169, 170, 173, 174, 175, 176, 177, 178, 179, 180, 183, 186, 192, 193, 194, 195, 196, 197, 203, 204, 205, 208, 213, 214, 215, 219, 220, 221, 226, 232, 233, 234, 238, 239, 240, 241, 242, 243, 248, 253, 255, 258, 259, 261, 263, 265, 266, 268, 291, 292, 293, 294, 296, 297, 298, 299, 300, 301, 302, 303, 304, 305, 306, 307, 309, 310, 333, 335, 340, 354, 357, 362, 364, 367, 368, 371, 380, 382, 386, 409, 410, 411, 412, 413, 415, 416, 419, 420, 421, 422, 423, 424, 426, 427, 428, 429, 430, 431, 432, 435, 436, 437, 438, 439, 440, 441, 443, 451], "summary": {"covered_lines": 198, "num_statements": 251, "percent_covered": 78.88446215139442, "percent_covered_display": "79", "missing_lines": 53, "excluded_lines": 3, "percent_statements_covered": 78.88446215139442, "percent_statements_covered_display": "79"}, "missing_lines": [52, 59, 65, 117, 142, 143, 149, 150, 171, 172, 182, 198, 199, 200, 201, 216, 217, 222, 223, 235, 236, 244, 245, 256, 262, 264, 269, 270, 283, 288, 289, 311, 312, 325, 330, 331, 365, 372, 373, 374, 375, 376, 377, 383, 384, 387, 388, 389, 390, 391, 392, 393, 406], "excluded_lines": [25, 26, 27], "functions": {"ResponseDispatcher.__init__": {"executed_lines": [38], "summary": {"covered_lines": 1, "num_statements": 1, "percent_covered": 100.0, "percent_covered_display": "100", "missing_lines": 0, "excluded_lines": 0, "percent_statements_covered": 100.0, "percent_statements_covered_display": "100"}, "missing_lines": [], "excluded_lines": [], "start_line": 37}, "ResponseDispatcher.register": {"executed_lines": [41, 42, 43, 44], "summary": {"covered_lines": 4, "num_statements": 4, "percent_covered": 100.0, "percent_covered_display": "100", "missing_lines": 0, "excluded_lines": 0, "percent_statements_covered": 100.0, "percent_statements_covered_display": "100"}, "missing_lines": [], "excluded_lines": [], "start_line": 40}, "ResponseDispatcher.dispatch": {"executed_lines": [47, 48, 49, 50, 51], "summary": {"covered_lines": 5, "num_statements": 6, "percent_covered": 83.33333333333333, "percent_covered_display": "83", "missing_lines": 1, "excluded_lines": 0, "percent_statements_covered": 83.33333333333333, "percent_statements_covered_display": "83"}, "missing_lines": [52], "excluded_lines": [], "start_line": 46}, "ResponseDispatcher.collect": {"executed_lines": [55, 56, 57, 58], "summary": {"covered_lines": 4, "num_statements": 5, "percent_covered": 80.0, "percent_covered_display": "80", "missing_lines": 1, "excluded_lines": 0, "percent_statements_covered": 80.0, "percent_statements_covered_display": "80"}, "missing_lines": [59], "excluded_lines": [], "start_line": 54}, "ResponseDispatcher._evict_stale": {"executed_lines": [62, 63, 64], "summary": {"covered_lines": 3, "num_statements": 4, "percent_covered": 75.0, "percent_covered_display": "75", "missing_lines": 1, "excluded_lines": 0, "percent_statements_covered": 75.0, "percent_statements_covered_display": "75"}, "missing_lines": [65], "excluded_lines": [], "start_line": 61}, "TargetState.cache_tool_schemas": {"executed_lines": [87], "summary": {"covered_lines": 1, "num_statements": 1, "percent_covered": 100.0, "percent_covered_display": "100", "missing_lines": 0, "excluded_lines": 0, "percent_statements_covered": 100.0, "percent_statements_covered_display": "100"}, "missing_lines": [], "excluded_lines": [], "start_line": 86}, "TargetState.log_traffic_entry": {"executed_lines": [90, 91], "summary": {"covered_lines": 2, "num_statements": 2, "percent_covered": 100.0, "percent_covered_display": "100", "missing_lines": 0, "excluded_lines": 0, "percent_statements_covered": 100.0, "percent_statements_covered_display": "100"}, "missing_lines": [], "excluded_lines": [], "start_line": 89}, "TargetState.update_traffic_entry": {"executed_lines": [94, 95, 96, 97, 98], "summary": {"covered_lines": 5, "num_statements": 5, "percent_covered": 100.0, "percent_covered_display": "100", "missing_lines": 0, "excluded_lines": 0, "percent_statements_covered": 100.0, "percent_statemen
[...]
": 219}, "mappers_reorder": {"executed_lines": [], "summary": {"covered_lines": 0, "num_statements": 17, "percent_covered": 0.0, "percent_covered_display": "0", "missing_lines": 17, "excluded_lines": 0, "percent_statements_covered": 0.0, "percent_statements_covered_display": "0"}, "missing_lines": [245, 246, 247, 248, 249, 251, 252, 253, 254, 256, 258, 259, 260, 261, 262, 264, 265], "excluded_lines": [], "start_line": 244}, "mappers_preview_json": {"executed_lines": [], "summary": {"covered_lines": 0, "num_statements": 19, "percent_covered": 0.0, "percent_covered_display": "0", "missing_lines": 19, "excluded_lines": 0, "percent_statements_covered": 0.0, "percent_statements_covered_display": "0"}, "missing_lines": [269, 270, 271, 272, 274, 275, 276, 277, 279, 280, 281, 283, 284, 285, 286, 288, 295, 343, 344], "excluded_lines": [], "start_line": 268}, "mappers_preview_json.mask_value": {"executed_lines": [], "summary": {"covered_lines": 0, "num_statements": 5, "percent_covered": 0.0, "percent_covered_display": "0", "missing_lines": 5, "excluded_lines": 0, "percent_statements_covered": 0.0, "percent_statements_covered_display": "0"}, "missing_lines": [289, 290, 291, 292, 293], "excluded_lines": [], "start_line": 288}, "mappers_preview_json.walk": {"executed_lines": [], "summary": {"covered_lines": 0, "num_statements": 39, "percent_covered": 0.0, "percent_covered_display": "0", "missing_lines": 39, "excluded_lines": 0, "percent_statements_covered": 0.0, "percent_statements_covered_display": "0"}, "missing_lines": [296, 297, 299, 300, 301, 302, 303, 304, 306, 307, 309, 310, 312, 313, 315, 317, 318, 319, 320, 321, 322, 323, 324, 325, 326, 327, 328, 329, 330, 331, 333, 334, 335, 336, 337, 338, 339, 340, 341], "excluded_lines": [], "start_line": 295}, "parse_text": {"executed_lines": [], "summary": {"covered_lines": 0, "num_statements": 8, "percent_covered": 0.0, "percent_covered_display": "0", "missing_lines": 8, "excluded_lines": 0, "percent_statements_covered": 0.0, "percent_statements_covered_display": "0"}, "missing_lines": [349, 350, 352, 353, 355, 356, 357, 359], "excluded_lines": [], "start_line": 347}, "": {"executed_lines": [3, 5, 6, 8, 9, 11, 12, 14, 15, 16, 18, 21, 28, 37, 66, 134, 181, 201, 244, 268, 347], "summary": {"covered_lines": 21, "num_statements": 21, "percent_covered": 100.0, "percent_covered_display": "100", "missing_lines": 0, "excluded_lines": 0, "percent_statements_covered": 100.0, "percent_statements_covered_display": "100"}, "missing_lines": [], "excluded_lines": [], "start_line": 1}}, "classes": {"": {"executed_lines": [3, 5, 6, 8, 9, 11, 12, 14, 15, 16, 18, 21, 22, 24, 25, 28, 30, 31, 32, 33, 34, 37, 66, 67, 68, 69, 70, 73, 74, 75, 76, 77, 78, 80, 82, 84, 87, 88, 90, 91, 92, 93, 94, 95, 96, 97, 98, 100, 102, 105, 107, 115, 116, 117, 119, 134, 181, 182, 183, 184, 185, 188, 189, 192, 193, 194, 196, 198, 201, 244, 268, 347], "summary": {"covered_lines": 72, "num_statements": 252, "percent_covered": 28.571428571428573, "percent_covered_display": "29", "missing_lines": 180, "excluded_lines": 0, "percent_statements_covered": 28.571428571428573, "percent_statements_covered_display": "29"}, "missing_lines": [23, 38, 39, 40, 41, 42, 44, 45, 46, 47, 49, 71, 81, 83, 85, 89, 99, 101, 103, 135, 136, 137, 138, 139, 141, 142, 143, 144, 145, 146, 147, 149, 150, 151, 152, 153, 154, 156, 157, 158, 160, 161, 162, 163, 164, 165, 166, 167, 168, 169, 170, 172, 173, 174, 176, 178, 186, 190, 191, 202, 203, 204, 205, 207, 208, 210, 211, 212, 213, 215, 216, 217, 219, 221, 222, 223, 224, 225, 226, 227, 228, 229, 230, 232, 233, 234, 235, 236, 237, 238, 240, 241, 245, 246, 247, 248, 249, 251, 252, 253, 254, 256, 258, 259, 260, 261, 262, 264, 265, 269, 270, 271, 272, 274, 275, 276, 277, 279, 280, 281, 283, 284, 285, 286, 288, 289, 290, 291, 292, 293, 295, 296, 297, 299, 300, 301, 302, 303, 304, 306, 307, 309, 310, 312, 313, 315, 317, 318, 319, 320, 321, 322, 323, 324, 325, 326, 327, 328, 329, 330, 331, 333, 334, 335, 336, 337, 338, 339, 340, 341, 343, 344, 349, 350, 352, 353, 355, 356, 357, 359], "excluded_lines": [], "start_line": 1}}}, "src/maskit/web/routes/marketplace.py": {"executed_lines": [3, 5, 6, 7, 9, 10, 12, 14, 15, 18, 19, 21, 22, 25, 26, 27, 28, 29, 32, 35, 36, 37, 38, 39, 40, 41, 42, 44, 45, 46, 47, 48, 51, 55, 56, 57, 59, 60, 61, 63, 64, 65, 66, 67, 69, 83, 86, 87, 88, 89, 91, 92, 93, 94, 96, 97, 99, 100, 101, 103, 104, 107, 108, 110, 111, 112, 113, 118, 119, 120, 121, 126, 129, 134, 136, 137, 138, 147, 148, 150, 153, 154, 155, 156, 158, 159, 161, 164, 165, 166, 168, 174, 175, 178, 179, 180, 181, 183, 184, 186, 189, 190, 191, 193, 194], "summary": {"covered_lines": 105, "num_statements": 141, "percent_covered": 74.46808510638297, "percent_covered_display": "74", "missing_lines": 36, "excluded_lines": 0, "percent_statements_covered": 74.46808510638297, "percent_statements_covered_display": "74"}, "missing_lines": [20, 52, 105, 130, 131, 132, 139, 140, 141, 142, 143, 144, 145, 149, 162, 169, 170, 171, 172, 187, 196, 197, 198, 200, 201, 202, 203, 204, 205, 206, 208, 209, 211, 212, 213, 214], "excluded_lines": [], "functions": {"_load_catalog": {"executed_lines": [19, 21, 22], "summary": {"covered_lines": 3, "num_statements": 4, "percent_covered": 75.0, "percent_covered_display": "75", "missing_lines": 1, "excluded_lines": 0, "percent_statements_covered": 75.0, "percent_statements_covered_display": "75"}, "missing_lines": [20], "excluded_lines": [], "start_line": 18}, "_find_catalog_entry": {"executed_lines": [26, 27, 28, 29], "summary": {"covered_lines": 4, "num_statements": 4, "percent_covered": 100.0, "percent_covered_display": "100", "missing_lines": 0, "excluded_lines": 0, "percent_statements_covered": 100.0, "percent_statements_covered_display": "100"}, "missing_lines": [], "excluded_lines": [], "start_line": 25}, "_build_config_from_catalog": {"executed_lines": [35, 36, 37, 38, 39, 40, 41, 42, 44, 45, 46, 47, 48], "summary": {"covered_lines": 13, "num_statements": 13, "percent_covered": 100.0, "percent_covered_display": "100", "missing_lines": 0, "excluded_lines": 0, "percent_statements_covered": 100.0, "percent_statements_covered_display": "100"}, "missing_lines": [], "excluded_lines": [], "start_line": 32}, "marketplace_page": {"executed_lines": [], "summary": {"covered_lines": 0, "num_statements": 1, "percent_covered": 0.0, "percent_covered_display": "0", "missing_lines": 1, "excluded_lines": 0, "percent_statements_covered": 0.0, "percent_statements_covered_display": "0"}, "missing_lines": [52], "excluded_lines": [], "start_line": 51}, "marketplace_list": {"executed_lines": [56, 57, 59, 60, 61, 63, 64, 65, 66, 67, 69, 83], "summary": {"covered_lines": 12, "num_statements": 12, "percent_covered": 100.0, "percent_covered_display": "100", "missing_lines": 0, "excluded_lines": 0, "percent_statements_covered": 100.0, "percent_statements_covered_display": "100"}, "missing_lines": [], "excluded_lines": [], "start_line": 55}, "marketplace_install": {"executed_lines": [87, 88, 89, 91, 92, 93, 94, 96, 97, 99, 100, 101, 103, 104, 107, 108, 110, 111, 112, 113, 118, 119, 120, 121, 126, 129, 134, 136, 137, 138, 147, 148, 150], "summary": {"covered_lines": 33, "num_statements": 45, "percent_covered": 73.33333333333333, "percent_covered_display": "73", "missing_lines": 12, "excluded_lines": 0, "percent_statements_covered": 73.33333333333333, "percent_statements_covered_display": "73"}, "missing_lines": [105, 130, 131, 132, 139, 140, 141, 142, 143, 144, 145, 149], "excluded_lines": [], "start_line": 86}, "marketplace_deactivate": {"executed_lines": [154, 155, 156, 158, 159, 161, 164, 165, 166, 168, 174, 175], "summary": {"covered_lines": 12, "num_statements": 17, "percent_covered": 70.58823529411765, "percent_covered_display": "71", "missing_lines": 5, "excluded_lines": 0, "percent_statements_covered": 70.58823529411765, "percent_statements_covered_display": "71"}, "missing_lines": [162, 169, 170, 171, 172], "excluded_lines": [], "start_line": 153}, "marketplace_activate": {"executed_lines": [179, 180, 181, 183, 184, 186, 189, 190, 191, 193, 194], "summary": {"covered_lines": 11, "num_statements": 28, "percent_covered": 39.285714285714285, "percent_covered_display": "39", "missing_lines": 17, "excluded_lines": 0, "percent_statements_covered": 39.285714285714285, "percent_statements_covered_display": "39"}, "missing_lines": [187, 196, 197, 198, 200, 201, 202, 203, 204, 205, 206, 208, 209, 211, 212, 213, 214], "excluded_lines": [], "start_line": 178}, "": {"executed_lines": [3, 5, 6, 7, 9, 10, 12, 14, 15, 18, 25, 32, 51, 55, 86, 153, 178], "summary": {"covered_lines": 17, "num_statements": 17, "percent_covered": 100.0, "percent_covered_display": "100", "missing_lines": 0, "excluded_lines": 0, "percent_statements_covered": 100.0, "percent_statements_covered_display": "100"}, "missing_lines": [], "excluded_lines": [], "start_line": 1}}, "classes": {"": {"executed_lines": [3, 5, 6, 7, 9, 10, 12, 14, 15, 18, 19, 21, 22, 25, 26, 27, 28, 29, 32, 35, 36, 37, 38, 39, 40, 41, 42, 44, 45, 46, 47, 48, 51, 55, 56, 57, 59, 60, 61, 63, 64, 65, 66, 67, 69, 83, 86, 87, 88, 89, 91, 92, 93, 94, 96, 97, 99, 100, 101, 103, 104, 107, 108, 110, 111, 112, 113, 118, 119, 120, 121, 126, 129, 134, 136, 137, 138, 147, 148, 150, 153, 154, 155, 156, 158, 159, 161, 164, 165, 166, 168, 174, 175, 178, 179, 180, 181, 183, 184, 186, 189, 190, 191, 193, 194], "summary": {"covered_lines": 105, "num_statements": 141, "percent_covered": 74.46808510638297, "percent_covered_display": "74", "missing_lines": 36, "excluded_lines": 0, "percent_statements_covered": 74.46808510638297, "percent_statements_covered_display": "74"}, "missing_lines": [20, 52, 105, 130, 131, 132, 139, 140, 141, 142, 143, 144, 145, 149, 162, 169, 170, 171, 172, 187, 196, 197, 198, 200, 201, 202, 203, 204, 205, 206, 208, 209, 211, 212, 213, 214], "excluded_lines": [], "start_line": 1}}}, "src/maskit/web/routes/pages.py": {"executed_lines": [3, 5, 6, 8, 9, 10, 12, 13, 15, 18, 22, 26, 30, 35, 36, 37, 38, 39, 40, 48, 51, 52, 53, 54, 55, 56, 57, 58, 59, 60, 61, 64], "summary": {"covered_lines": 32, "num_statements": 70, "percent_covered": 45.714285714285715, "percent_covered_display": "46", "missing_lines": 38, "excluded_lines": 0, "percent_statements_covered": 45.714285714285715, "percent_statements_covered_display": "46"}, "missing_lines": [19, 23, 27, 31, 32, 65, 66, 67, 68, 69, 71, 72, 73, 75, 76, 78, 80, 86, 88, 89, 91, 92, 93, 94, 95, 96, 98, 99, 100, 102, 103, 104, 105, 106, 107, 108, 109, 110], "excluded_lines": [], "functions": {"targets_page": {"executed_lines": [], "summary": {"covered_lines": 0, "num_statements": 1, "percent_covered": 0.0, "percent_covered_display": "0", "missing_lines": 1, "excluded_lines": 0, "percent_statements_covered": 0.0, "percent_statements_covered_display": "0"}, "missing_lines": [19], "excluded_lines": [], "start_line": 18}, "tools_page": {"executed_lines": [], "summary": {"covered_lines": 0, "num_statements": 1, "percent_covered": 0.0, "percent_covered_display": "0", "missing_lines": 1, "excluded_lines": 0, "percent_statements_covered": 0.0, "percent_statements_covered_display": "0"}, "missing_lines": [23], "excluded_lines": [], "start_line": 22}, "tool_detail_page": {"executed_lines": [], "summary": {"covered_lines": 0, "num_statements": 1, "percent_covered": 0.0, "percent_covered_display": "0", "missing_lines": 1, "excluded_lines": 0, "percent_statements_covered": 0.0, "percent_statements_covered_display": "0"}, "missing_lines": [27], "excluded_lines": [], "start_line": 26}, "api_config": {"executed_lines": [], "summary": {"covered_lines": 0, "num_statements": 2, "percent_covered": 0.0, "percent_covered_display": "0", "missing_lines": 2, "excluded_lines": 0, "percent_statements_covered": 0.0, "percent_statements_covered_display": "0"}, "missing_lines": [31, 32], "excluded_lines": [], "start_line": 30}, "api_targets": {"executed_lines": [36, 37, 38, 39, 40, 48], "summary": {"covered_lines": 6, "num_statements": 6, "percent_covered": 100.0, "percent_covered_display": "100", "missing_lines": 0, "excluded_lines": 0, "percent_statements_covered": 100.0, "percent_statements_covered_display": "100"}, "missing_lines": [], "excluded_lines": [], "start_line": 35}, "api_tools": {"executed_lines": [52, 53, 54, 55, 56, 57, 58, 59, 60, 61], "summary": {"covered_lines": 10, "num_statements": 10, "percent_covered": 100.0, "percent_covered_display": "100", "missing_lines": 0, "excluded_lines": 0, "percent_statements_covered": 100.0, "percent_statements_covered_display": "100"}, "missing_lines": [], "excluded_lines": [], "start_line": 51}, "api_tools_call": {"executed_lines": [], "summary": {"covered_lines": 0, "num_statements": 33, "percent_covered": 0.0, "percent_covered_display": "0", "missing_lines": 33, "excluded_lines": 0, "percent_statements_covered": 0.0, "percent_statements_covered_display": "0"}, "missing_lines": [65, 66, 67, 68, 69, 71, 72, 73, 75, 76, 78, 80, 86, 88, 89, 91, 92, 93, 94, 95, 96, 98, 99, 100, 102, 103, 104, 105, 106, 107, 108, 109, 110], "excluded_lines": [], "start_line": 64}, "": {"executed_lines": [3, 5, 6, 8, 9, 10, 12, 13, 15, 18, 22, 26, 30, 35, 51, 64], "summary": {"covered_lines": 16, "num_statements": 16, "percent_covered": 100.0, "percent_covered_display": "100", "missing_lines": 0, "excluded_lines": 0, "percent_statements_covered": 100.0, "percent_statements_covered_display": "100"}, "missing_lines": [], "excluded_lines": [], "start_line": 1}}, "classes": {"": {"executed_lines": [3, 5, 6, 8, 9, 10, 12, 13, 15, 18, 22, 26, 30, 35, 36, 37, 38, 39, 40, 48, 51, 52, 53, 54, 55, 56, 57, 58, 59, 60, 61, 64], "summary": {"covered_lines": 32, "num_statements": 70, "percent_covered": 45.714285714285715, "percent_covered_display": "46", "missing_lines": 38, "excluded_lines": 0, "percent_statements_covered": 45.714285714285715, "percent_statements_covered_display": "46"}, "missing_lines": [19, 23, 27, 31, 32, 65, 66, 67, 68, 69, 71, 72, 73, 75, 76, 78, 80, 86, 88, 89, 91, 92, 93, 94, 95, 96, 98, 99, 100, 102, 103, 104, 105, 106, 107, 108, 109, 110], "excluded_lines": [], "start_line": 1}}}, "src/maskit/web/routes/rules.py": {"executed_lines": [3, 5, 6, 8, 10, 11, 12, 15, 16, 17, 18, 19, 20, 22, 33, 36, 37, 38, 39, 40, 43, 44, 45, 46, 48, 49, 50, 51, 52, 54, 57, 58, 61, 68, 69, 70, 72, 82, 83, 84, 85, 86, 89, 90, 93, 94, 96, 97, 100, 101, 102, 103, 105, 108, 109, 110, 111, 112, 115, 116, 119, 121, 122, 123, 124], "summary": {"covered_lines": 65, "num_statements": 76, "percent_covered": 85.52631578947368, "percent_covered_display": "86", "missing_lines": 11, "excluded_lines": 0, "percent_statements_covered": 85.52631578947368, "percent_statements_covered_display": "86"}, "missing_lines": [41, 53, 55, 59, 87, 91, 92, 98, 113, 117, 118], "excluded_lines": [], "functions": {"rules_list": {"executed_lines": [16, 17, 18, 19, 20, 22, 33], "summary": {"covered_lines": 7, "num_statements": 7, "percent_covered": 100.0, "percent_covered_display": "100", "missing_lines": 0, "excluded_lines": 0, "percent_statements_covered": 100.0, "percent_statements_covered_display": "100"}, "missing_lines": [], "excluded_lines": [], "start_line": 15}, "rules_create": {"executed_lines": [37, 38, 39, 40, 43, 44, 45, 46, 48, 49, 50, 51, 52, 54, 57, 58, 61, 68, 69, 70, 72], "summary": {"covered_lines": 21, "num_statements": 25, "percent_covered": 84.0, "percent_covered_display": "84", "missing_lines": 4, "excluded_lines": 0, "percent_statements_covered": 84.0, "percent_statements_covered_display": "84"}, "missing_lines": [41, 53, 55, 59], "excluded_lines": [], "start_line": 36}, "rules_update": {"executed_lines": [83, 84, 85, 86, 89, 90, 93, 94, 96, 97, 100, 101, 102, 103, 105], "summary": {"covered_lines": 15, "num_statements": 19, "percent_covered": 78.94736842105263, "percent_covered_display": "79", "missing_lines": 4, "excluded_lines": 0, "percent_statements_covered": 78.94736842105263, "percent_statements_covered_display": "79"}, "missing_lines": [87, 91, 92, 98], "excluded_lines": [], "start_line": 82}, "rules_delete": {"executed_lines": [109, 110, 111, 112, 115, 116, 119, 121, 122, 123, 124], "summary": {"covered_lines": 11, "num_statements": 14, "percent_covered": 78.57142857142857, "percent_covered_display": "79", "missing_lines": 3, "excluded_lines": 0, "percent_statements_covered": 78.57142857142857, "percent_statements_covered_display": "79"}, "missing_lines": [113, 117, 118], "excluded_lines": [], "start_line": 108}, "": {"executed_lines": [3, 5, 6, 8, 10, 11, 12, 15, 36, 82, 108], "summary": {"covered_lines": 11, "num_statements": 11, "percent_covered": 100.0, "percent_covered_display": "100", "missing_lines": 0, "excluded_lines": 0, "percent_statements_covered": 100.0, "percent_statements_covered_display": "100"}, "missing_lines": [], "excluded_lines": [], "start_line": 1}}, "classes": {"": {"executed_lines": [3, 5, 6, 8, 10, 11, 12, 15, 16, 17, 18, 19, 20, 22, 33, 36, 37, 38, 39, 40, 43, 44, 45, 46, 48, 49, 50, 51, 52, 54, 57, 58, 61, 68, 69, 70, 72, 82, 83, 84, 85, 86, 89, 90, 93, 94, 96, 97, 100, 101, 102, 103, 105, 108, 109, 110, 111, 112, 115, 116, 119, 121, 122, 123, 124], "summary": {"covered_lines": 65, "num_statements": 76, "percent_covered": 85.52631578947368, "percent_covered_display": "86", "missing_lines": 11, "excluded_lines": 0, "percent_statements_covered": 85.52631578947368, "percent_statements_covered_display": "86"}, "missing_lines": [41, 53, 55, 59, 87, 91, 92, 98, 113, 117, 118], "excluded_lines": [], "start_line": 1}}}, "src/maskit/web/routes/traffic.py": {"executed_lines": [3, 5, 7, 8, 9, 10, 13, 14, 15, 16, 17, 20, 21, 24], "summary": {"covered_lines": 14, "num_statements": 39, "percent_covered": 35.8974358974359, "percent_covered_display": "36", "missing_lines": 25, "excluded_lines": 0, "percent_statements_covered": 35.8974358974359, "percent_statements_covered_display": "36"}, "missing_lines": [18, 25, 26, 27, 28, 30, 31, 32, 35, 36, 38, 39, 40, 41, 42, 43, 44, 45, 46, 47, 48, 49, 50, 51, 52], "excluded_lines": [], "functions": {"api_mappings": {"executed_lines": [14, 15, 16, 17, 20, 21], "summary": {"covered_lines": 6, "num_statements": 7, "percent_covered": 85.71428571428571, "percent_covered_display": "86", "missing_lines": 1, "excluded_lines": 0, "percent_statements_covered": 85.71428571428571, "percent_statements_covered_display": "86"}, "missing_lines": [18], "excluded_lines": [], "start_line": 13}, "TrafficWebSocket": {"executed_lines": [], "summary": {"covered_lines": 0, "num_statements": 24, "percent_covered": 0.0, "percent_covered_display": "0", "missing_lines": 24, "excluded_lines": 0, "percent_statements_covered": 0.0, "percent_statements_covered_display": "0"}, "missing_lines": [25, 26, 27, 28, 30, 31, 32, 35, 36, 38, 39, 40, 41, 42, 43, 44, 45, 46, 47, 48, 49, 50, 51, 52], "excluded_lines": [], "start_line": 24}, "": {"executed_lines": [3, 5, 7, 8, 9, 10, 13, 24], "summary": {"covered_lines": 8, "num_statements": 8, "percent_covered": 100.0, "percent_covered_display": "100", "missing_lines": 0, "excluded_lines": 0, "percent_statements_covered": 100.0, "percent_statements_covered_display": "100"}, "missing_lines": [], "excluded_lines": [], "start_line": 1}}, "classes": {"": {"executed_lines": [3, 5, 7, 8, 9, 10, 13, 14, 15, 16, 17, 20, 21, 24], "summary": {"covered_lines": 14, "num_statements": 39, "percent_covered": 35.8974358974359, "percent_covered_display": "36", "missing_lines": 25, "excluded_lines": 0, "percent_statements_covered": 35.8974358974359, "percent_statements_covered_display": "36"}, "missing_lines": [18, 25, 26, 27, 28, 30, 31, 32, 35, 36, 38, 39, 40, 41, 42, 43, 44, 45, 46, 47, 48, 49, 50, 51, 52], "excluded_lines": [], "start_line": 1}}}}, "totals": {"covered_lines": 1288, "num_statements": 2498, "percent_covered": 51.56124899919936, "percent_covered_display": "52", "missing_lines": 1210, "excluded_lines": 12, "percent_statements_covered": 51.56124899919936, "percent_statements_covered_display": "52"}}